# Logfile created on 2014-01-10 09:21:06 +0700 by logger.rb/41954
I, [2014-01-10T09:21:06.282029 #4106]  INFO -- : 0:  rake (10.1.1) from /home/framgia-user/.rvm/gems/ruby-2.0.0-p353/specifications/rake-10.1.1.gemspec
I, [2014-01-10T09:21:06.291686 #4106]  INFO -- : 0:  i18n (0.6.9) from /home/framgia-user/.rvm/gems/ruby-2.0.0-p353/specifications/i18n-0.6.9.gemspec
I, [2014-01-10T09:21:06.292159 #4106]  INFO -- : 0:  minitest (4.7.5) from /home/framgia-user/.rvm/gems/ruby-2.0.0-p353/specifications/minitest-4.7.5.gemspec
E, [2014-01-10T09:21:46.256600 #4106] ERROR -- : Gem::RemoteFetcher::FetchError: SSL_connect returned=6 errno=0 state=SSLv3 read finished A (https://s3.amazonaws.com/production.s3.rubygems.org/gems/multi_json-1.8.4.gem)
/home/framgia-user/.rvm/rubies/ruby-2.0.0-p353/lib/ruby/site_ruby/2.0.0/rubygems/request.rb:102:in `rescue in connection_for'  \n/home/framgia-user/.rvm/rubies/ruby-2.0.0-p353/lib/ruby/site_ruby/2.0.0/rubygems/request.rb:75:in `connection_for'  \n/home/framgia-user/.rvm/rubies/ruby-2.0.0-p353/lib/ruby/site_ruby/2.0.0/rubygems/request.rb:122:in `fetch'  \n/home/framgia-user/.rvm/rubies/ruby-2.0.0-p353/lib/ruby/site_ruby/2.0.0/rubygems/remote_fetcher.rb:329:in `request'  \n/home/framgia-user/.rvm/rubies/ruby-2.0.0-p353/lib/ruby/site_ruby/2.0.0/rubygems/remote_fetcher.rb:223:in `fetch_http'  \n/home/framgia-user/.rvm/rubies/ruby-2.0.0-p353/lib/ruby/site_ruby/2.0.0/rubygems/remote_fetcher.rb:238:in `fetch_http'  \n/home/framgia-user/.rvm/rubies/ruby-2.0.0-p353/lib/ruby/site_ruby/2.0.0/rubygems/remote_fetcher.rb:258:in `fetch_path'  \n/home/framgia-user/.rvm/rubies/ruby-2.0.0-p353/lib/ruby/site_ruby/2.0.0/rubygems/remote_fetcher.rb:291:in `cache_update_path'  \n/home/framgia-user/.rvm/rubies/ruby-2.0.0-p353/lib/ruby/site_ruby/2.0.0/rubygems/remote_fetcher.rb:157:in `download'  \n/home/framgia-user/.rvm/gems/ruby-2.0.0-p353/gems/bundler-1.5.1/lib/bundler/rubygems_integration.rb:511:in `download_gem'  \n/home/framgia-user/.rvm/gems/ruby-2.0.0-p353/gems/bundler-1.5.1/lib/bundler/fetcher.rb:41:in `download_gem_from_uri'  \n/home/framgia-user/.rvm/gems/ruby-2.0.0-p353/gems/bundler-1.5.1/lib/bundler/source/rubygems.rb:78:in `install'  \n/home/framgia-user/.rvm/gems/ruby-2.0.0-p353/gems/bundler-1.5.1/lib/bundler/installer.rb:111:in `block in install_gem_from_spec'  \n/home/framgia-user/.rvm/gems/ruby-2.0.0-p353/gems/bundler-1.5.1/lib/bundler/rubygems_integration.rb:150:in `with_build_args'  \n/home/framgia-user/.rvm/gems/ruby-2.0.0-p353/gems/bundler-1.5.1/lib/bundler/installer.rb:110:in `install_gem_from_spec'  \n/home/framgia-user/.rvm/gems/ruby-2.0.0-p353/gems/bundler-1.5.1/lib/bundler/installer.rb:295:in `block in install_sequentially'  \n/home/framgia-user/.rvm/rubies/ruby-2.0.0-p353/lib/ruby/2.0.0/forwardable.rb:171:in `each'  \n/home/framgia-user/.rvm/rubies/ruby-2.0.0-p353/lib/ruby/2.0.0/forwardable.rb:171:in `each'  \n/home/framgia-user/.rvm/gems/ruby-2.0.0-p353/gems/bundler-1.5.1/lib/bundler/installer.rb:294:in `install_sequentially'  \n/home/framgia-user/.rvm/gems/ruby-2.0.0-p353/gems/bundler-1.5.1/lib/bundler/installer.rb:97:in `run'  \n/home/framgia-user/.rvm/gems/ruby-2.0.0-p353/gems/bundler-1.5.1/lib/bundler/installer.rb:15:in `install'  \n/home/framgia-user/.rvm/gems/ruby-2.0.0-p353/gems/bundler-1.5.1/lib/bundler/cli.rb:336:in `update'  \n/home/framgia-user/.rvm/gems/ruby-2.0.0-p353/gems/bundler-1.5.1/lib/bundler/vendor/thor/command.rb:27:in `run'  \n/home/framgia-user/.rvm/gems/ruby-2.0.0-p353/gems/bundler-1.5.1/lib/bundler/vendor/thor/invocation.rb:120:in `invoke_command'  \n/home/framgia-user/.rvm/gems/ruby-2.0.0-p353/gems/bundler-1.5.1/lib/bundler/vendor/thor.rb:363:in `dispatch'  \n/home/framgia-user/.rvm/gems/ruby-2.0.0-p353/gems/bundler-1.5.1/lib/bundler/vendor/thor/base.rb:438:in `start'  \n/home/framgia-user/.rvm/gems/ruby-2.0.0-p353/gems/bundler-1.5.1/lib/bundler/cli.rb:10:in `start'  \n/home/framgia-user/.rvm/gems/ruby-2.0.0-p353/gems/bundler-1.5.1/bin/bundle:22:in `block in <top (required)>'  \n/home/framgia-user/.rvm/gems/ruby-2.0.0-p353/gems/bundler-1.5.1/lib/bundler/friendly_errors.rb:5:in `with_friendly_errors'  \n/home/framgia-user/.rvm/gems/ruby-2.0.0-p353/gems/bundler-1.5.1/bin/bundle:22:in `<top (required)>'  \n/home/framgia-user/.rvm/gems/ruby-2.0.0-p353/bin/bundle:23:in `load'  \n/home/framgia-user/.rvm/gems/ruby-2.0.0-p353/bin/bundle:23:in `<main>'  \n/home/framgia-user/.rvm/gems/ruby-2.0.0-p353/bin/ruby_executable_hooks:15:in `eval'  \n/home/framgia-user/.rvm/gems/ruby-2.0.0-p353/bin/ruby_executable_hooks:15:in `<main>'
I, [2014-01-10T09:22:53.145288 #4174]  INFO -- : 0:  rake (10.1.1) from /home/framgia-user/.rvm/gems/ruby-2.0.0-p353/specifications/rake-10.1.1.gemspec
I, [2014-01-10T09:22:53.145796 #4174]  INFO -- : 0:  i18n (0.6.9) from /home/framgia-user/.rvm/gems/ruby-2.0.0-p353/specifications/i18n-0.6.9.gemspec
I, [2014-01-10T09:22:53.146134 #4174]  INFO -- : 0:  minitest (4.7.5) from /home/framgia-user/.rvm/gems/ruby-2.0.0-p353/specifications/minitest-4.7.5.gemspec
E, [2014-01-10T09:23:14.476610 #4174] ERROR -- : Gem::RemoteFetcher::FetchError: SSL_connect SYSCALL returned=5 errno=0 state=unknown state (https://s3.amazonaws.com/production.s3.rubygems.org/gems/multi_json-1.8.4.gem)
/home/framgia-user/.rvm/rubies/ruby-2.0.0-p353/lib/ruby/site_ruby/2.0.0/rubygems/request.rb:102:in `rescue in connection_for'  \n/home/framgia-user/.rvm/rubies/ruby-2.0.0-p353/lib/ruby/site_ruby/2.0.0/rubygems/request.rb:75:in `connection_for'  \n/home/framgia-user/.rvm/rubies/ruby-2.0.0-p353/lib/ruby/site_ruby/2.0.0/rubygems/request.rb:122:in `fetch'  \n/home/framgia-user/.rvm/rubies/ruby-2.0.0-p353/lib/ruby/site_ruby/2.0.0/rubygems/remote_fetcher.rb:329:in `request'  \n/home/framgia-user/.rvm/rubies/ruby-2.0.0-p353/lib/ruby/site_ruby/2.0.0/rubygems/remote_fetcher.rb:223:in `fetch_http'  \n/home/framgia-user/.rvm/rubies/ruby-2.0.0-p353/lib/ruby/site_ruby/2.0.0/rubygems/remote_fetcher.rb:238:in `fetch_http'  \n/home/framgia-user/.rvm/rubies/ruby-2.0.0-p353/lib/ruby/site_ruby/2.0.0/rubygems/remote_fetcher.rb:258:in `fetch_path'  \n/home/framgia-user/.rvm/rubies/ruby-2.0.0-p353/lib/ruby/site_ruby/2.0.0/rubygems/remote_fetcher.rb:291:in `cache_update_path'  \n/home/framgia-user/.rvm/rubies/ruby-2.0.0-p353/lib/ruby/site_ruby/2.0.0/rubygems/remote_fetcher.rb:157:in `download'  \n/home/framgia-user/.rvm/gems/ruby-2.0.0-p353/gems/bundler-1.5.1/lib/bundler/rubygems_integration.rb:511:in `download_gem'  \n/home/framgia-user/.rvm/gems/ruby-2.0.0-p353/gems/bundler-1.5.1/lib/bundler/fetcher.rb:41:in `download_gem_from_uri'  \n/home/framgia-user/.rvm/gems/ruby-2.0.0-p353/gems/bundler-1.5.1/lib/bundler/source/rubygems.rb:78:in `install'  \n/home/framgia-user/.rvm/gems/ruby-2.0.0-p353/gems/bundler-1.5.1/lib/bundler/installer.rb:111:in `block in install_gem_from_spec'  \n/home/framgia-user/.rvm/gems/ruby-2.0.0-p353/gems/bundler-1.5.1/lib/bundler/rubygems_integration.rb:150:in `with_build_args'  \n/home/framgia-user/.rvm/gems/ruby-2.0.0-p353/gems/bundler-1.5.1/lib/bundler/installer.rb:110:in `install_gem_from_spec'  \n/home/framgia-user/.rvm/gems/ruby-2.0.0-p353/gems/bundler-1.5.1/lib/bundler/installer.rb:295:in `block in install_sequentially'  \n/home/framgia-user/.rvm/rubies/ruby-2.0.0-p353/lib/ruby/2.0.0/forwardable.rb:171:in `each'  \n/home/framgia-user/.rvm/rubies/ruby-2.0.0-p353/lib/ruby/2.0.0/forwardable.rb:171:in `each'  \n/home/framgia-user/.rvm/gems/ruby-2.0.0-p353/gems/bundler-1.5.1/lib/bundler/installer.rb:294:in `install_sequentially'  \n/home/framgia-user/.rvm/gems/ruby-2.0.0-p353/gems/bundler-1.5.1/lib/bundler/installer.rb:97:in `run'  \n/home/framgia-user/.rvm/gems/ruby-2.0.0-p353/gems/bundler-1.5.1/lib/bundler/installer.rb:15:in `install'  \n/home/framgia-user/.rvm/gems/ruby-2.0.0-p353/gems/bundler-1.5.1/lib/bundler/cli.rb:336:in `update'  \n/home/framgia-user/.rvm/gems/ruby-2.0.0-p353/gems/bundler-1.5.1/lib/bundler/vendor/thor/command.rb:27:in `run'  \n/home/framgia-user/.rvm/gems/ruby-2.0.0-p353/gems/bundler-1.5.1/lib/bundler/vendor/thor/invocation.rb:120:in `invoke_command'  \n/home/framgia-user/.rvm/gems/ruby-2.0.0-p353/gems/bundler-1.5.1/lib/bundler/vendor/thor.rb:363:in `dispatch'  \n/home/framgia-user/.rvm/gems/ruby-2.0.0-p353/gems/bundler-1.5.1/lib/bundler/vendor/thor/base.rb:438:in `start'  \n/home/framgia-user/.rvm/gems/ruby-2.0.0-p353/gems/bundler-1.5.1/lib/bundler/cli.rb:10:in `start'  \n/home/framgia-user/.rvm/gems/ruby-2.0.0-p353/gems/bundler-1.5.1/bin/bundle:22:in `block in <top (required)>'  \n/home/framgia-user/.rvm/gems/ruby-2.0.0-p353/gems/bundler-1.5.1/lib/bundler/friendly_errors.rb:5:in `with_friendly_errors'  \n/home/framgia-user/.rvm/gems/ruby-2.0.0-p353/gems/bundler-1.5.1/bin/bundle:22:in `<top (required)>'  \n/home/framgia-user/.rvm/gems/ruby-2.0.0-p353/bin/bundle:23:in `load'  \n/home/framgia-user/.rvm/gems/ruby-2.0.0-p353/bin/bundle:23:in `<main>'  \n/home/framgia-user/.rvm/gems/ruby-2.0.0-p353/bin/ruby_executable_hooks:15:in `eval'  \n/home/framgia-user/.rvm/gems/ruby-2.0.0-p353/bin/ruby_executable_hooks:15:in `<main>'
I, [2014-01-10T09:24:38.514524 #4287]  INFO -- : 0:  rake (10.1.1) from /home/framgia-user/.rvm/gems/ruby-2.0.0-p353/specifications/rake-10.1.1.gemspec
I, [2014-01-10T09:24:38.515026 #4287]  INFO -- : 0:  i18n (0.6.9) from /home/framgia-user/.rvm/gems/ruby-2.0.0-p353/specifications/i18n-0.6.9.gemspec
I, [2014-01-10T09:24:38.515370 #4287]  INFO -- : 0:  minitest (4.7.5) from /home/framgia-user/.rvm/gems/ruby-2.0.0-p353/specifications/minitest-4.7.5.gemspec
I, [2014-01-10T09:24:40.947844 #4287]  INFO -- : 0:  multi_json (1.8.4) from /home/framgia-user/.rvm/gems/ruby-2.0.0-p353/specifications/multi_json-1.8.4.gemspec
I, [2014-01-10T09:24:40.949168 #4287]  INFO -- : 0:  atomic (1.1.14) from /home/framgia-user/.rvm/gems/ruby-2.0.0-p353/specifications/atomic-1.1.14.gemspec
I, [2014-01-10T09:24:40.950124 #4287]  INFO -- : 0:  thread_safe (0.1.3) from /home/framgia-user/.rvm/gems/ruby-2.0.0-p353/specifications/thread_safe-0.1.3.gemspec
I, [2014-01-10T09:24:40.951118 #4287]  INFO -- : 0:  tzinfo (0.3.38) from /home/framgia-user/.rvm/gems/ruby-2.0.0-p353/specifications/tzinfo-0.3.38.gemspec
I, [2014-01-10T09:24:40.952095 #4287]  INFO -- : 0:  activesupport (4.0.2) from /home/framgia-user/.rvm/gems/ruby-2.0.0-p353/specifications/activesupport-4.0.2.gemspec
I, [2014-01-10T09:24:40.952988 #4287]  INFO -- : 0:  builder (3.1.4) from /home/framgia-user/.rvm/gems/ruby-2.0.0-p353/specifications/builder-3.1.4.gemspec
I, [2014-01-10T09:24:40.953863 #4287]  INFO -- : 0:  erubis (2.7.0) from /home/framgia-user/.rvm/gems/ruby-2.0.0-p353/specifications/erubis-2.7.0.gemspec
I, [2014-01-10T09:24:40.954726 #4287]  INFO -- : 0:  rack (1.5.2) from /home/framgia-user/.rvm/gems/ruby-2.0.0-p353/specifications/rack-1.5.2.gemspec
I, [2014-01-10T09:24:40.955238 #4287]  INFO -- : 0:  rack-test (0.6.2) from /home/framgia-user/.rvm/gems/ruby-2.0.0-p353/specifications/rack-test-0.6.2.gemspec
I, [2014-01-10T09:24:40.956068 #4287]  INFO -- : 0:  actionpack (4.0.2) from /home/framgia-user/.rvm/gems/ruby-2.0.0-p353/specifications/actionpack-4.0.2.gemspec
I, [2014-01-10T09:24:40.956961 #4287]  INFO -- : 0:  mime-types (1.25.1) from /home/framgia-user/.rvm/gems/ruby-2.0.0-p353/specifications/mime-types-1.25.1.gemspec
I, [2014-01-10T09:24:40.957824 #4287]  INFO -- : 0:  polyglot (0.3.3) from /home/framgia-user/.rvm/gems/ruby-2.0.0-p353/specifications/polyglot-0.3.3.gemspec
I, [2014-01-10T09:24:40.958681 #4287]  INFO -- : 0:  treetop (1.4.15) from /home/framgia-user/.rvm/gems/ruby-2.0.0-p353/specifications/treetop-1.4.15.gemspec
I, [2014-01-10T09:24:40.959211 #4287]  INFO -- : 0:  mail (2.5.4) from /home/framgia-user/.rvm/gems/ruby-2.0.0-p353/specifications/mail-2.5.4.gemspec
I, [2014-01-10T09:24:40.959507 #4287]  INFO -- : 0:  actionmailer (4.0.2) from /home/framgia-user/.rvm/gems/ruby-2.0.0-p353/specifications/actionmailer-4.0.2.gemspec
I, [2014-01-10T09:24:40.959853 #4287]  INFO -- : 0:  activemodel (4.0.2) from /home/framgia-user/.rvm/gems/ruby-2.0.0-p353/specifications/activemodel-4.0.2.gemspec
I, [2014-01-10T09:24:40.960184 #4287]  INFO -- : 0:  activerecord-deprecated_finders (1.0.3) from /home/framgia-user/.rvm/gems/ruby-2.0.0-p353/specifications/activerecord-deprecated_finders-1.0.3.gemspec
I, [2014-01-10T09:24:40.960473 #4287]  INFO -- : 0:  arel (4.0.1) from /home/framgia-user/.rvm/gems/ruby-2.0.0-p353/specifications/arel-4.0.1.gemspec
I, [2014-01-10T09:24:40.960842 #4287]  INFO -- : 0:  activerecord (4.0.2) from /home/framgia-user/.rvm/gems/ruby-2.0.0-p353/specifications/activerecord-4.0.2.gemspec
I, [2014-01-10T09:24:40.961335 #4287]  INFO -- : 0:  bcrypt-ruby (3.1.2) from /home/framgia-user/.rvm/gems/ruby-2.0.0-p353/specifications/bcrypt-ruby-3.1.2.gemspec
I, [2014-01-10T09:24:40.961851 #4287]  INFO -- : 0:  sass (3.2.13) from /home/framgia-user/.rvm/gems/ruby-2.0.0-p353/specifications/sass-3.2.13.gemspec
I, [2014-01-10T09:24:40.962234 #4287]  INFO -- : 0:  bootstrap-sass (2.3.2.0) from /home/framgia-user/.rvm/gems/ruby-2.0.0-p353/specifications/bootstrap-sass-2.3.2.0.gemspec
I, [2014-01-10T09:24:40.962554 #4287]  INFO -- : 0:  will_paginate (3.0.4) from /home/framgia-user/.rvm/gems/ruby-2.0.0-p353/specifications/will_paginate-3.0.4.gemspec
I, [2014-01-10T09:24:40.962955 #4287]  INFO -- : 0:  bootstrap-will_paginate (0.0.9) from /home/framgia-user/.rvm/gems/ruby-2.0.0-p353/specifications/bootstrap-will_paginate-0.0.9.gemspec
I, [2014-01-10T09:24:40.963331 #4287]  INFO -- : 0:  bundler (1.5.1) from /home/framgia-user/.rvm/gems/ruby-2.0.0-p353/specifications/bundler-1.5.1.gemspec
I, [2014-01-10T09:24:40.963704 #4287]  INFO -- : 0:  mini_portile (0.5.2) from /home/framgia-user/.rvm/gems/ruby-2.0.0-p353/specifications/mini_portile-0.5.2.gemspec
I, [2014-01-10T09:24:40.964066 #4287]  INFO -- : 0:  nokogiri (1.6.1) from /home/framgia-user/.rvm/gems/ruby-2.0.0-p353/specifications/nokogiri-1.6.1.gemspec
I, [2014-01-10T09:24:40.964351 #4287]  INFO -- : 0:  xpath (2.0.0) from /home/framgia-user/.rvm/gems/ruby-2.0.0-p353/specifications/xpath-2.0.0.gemspec
I, [2014-01-10T09:24:45.447815 #4287]  INFO -- : 0:  capybara (2.1.0) from /home/framgia-user/.rvm/gems/ruby-2.0.0-p353/specifications/capybara-2.1.0.gemspec
I, [2014-01-10T09:24:45.449175 #4287]  INFO -- : 0:  ffi (1.9.3) from /home/framgia-user/.rvm/gems/ruby-2.0.0-p353/specifications/ffi-1.9.3.gemspec
I, [2014-01-10T09:24:45.450139 #4287]  INFO -- : 0:  childprocess (0.3.9) from /home/framgia-user/.rvm/gems/ruby-2.0.0-p353/specifications/childprocess-0.3.9.gemspec
I, [2014-01-10T09:24:45.451115 #4287]  INFO -- : 0:  coffee-script-source (1.6.3) from /home/framgia-user/.rvm/gems/ruby-2.0.0-p353/specifications/coffee-script-source-1.6.3.gemspec
I, [2014-01-10T09:24:45.452077 #4287]  INFO -- : 0:  execjs (2.0.2) from /home/framgia-user/.rvm/gems/ruby-2.0.0-p353/specifications/execjs-2.0.2.gemspec
I, [2014-01-10T09:24:45.452816 #4287]  INFO -- : 0:  coffee-script (2.2.0) from /home/framgia-user/.rvm/gems/ruby-2.0.0-p353/specifications/coffee-script-2.2.0.gemspec
I, [2014-01-10T09:24:45.453732 #4287]  INFO -- : 0:  thor (0.18.1) from /home/framgia-user/.rvm/gems/ruby-2.0.0-p353/specifications/thor-0.18.1.gemspec
I, [2014-01-10T09:24:45.454679 #4287]  INFO -- : 0:  railties (4.0.2) from /home/framgia-user/.rvm/gems/ruby-2.0.0-p353/specifications/railties-4.0.2.gemspec
I, [2014-01-10T09:24:45.455616 #4287]  INFO -- : 0:  coffee-rails (4.0.1) from /home/framgia-user/.rvm/gems/ruby-2.0.0-p353/specifications/coffee-rails-4.0.1.gemspec
I, [2014-01-10T09:24:45.456515 #4287]  INFO -- : 0:  diff-lcs (1.2.5) from /home/framgia-user/.rvm/gems/ruby-2.0.0-p353/specifications/diff-lcs-1.2.5.gemspec
I, [2014-01-10T09:24:45.457419 #4287]  INFO -- : 0:  gherkin (2.12.2) from /home/framgia-user/.rvm/gems/ruby-2.0.0-p353/specifications/gherkin-2.12.2.gemspec
I, [2014-01-10T09:24:45.458362 #4287]  INFO -- : 0:  multi_test (0.0.3) from /home/framgia-user/.rvm/gems/ruby-2.0.0-p353/specifications/multi_test-0.0.3.gemspec
I, [2014-01-10T09:24:45.459260 #4287]  INFO -- : 0:  cucumber (1.3.10) from /home/framgia-user/.rvm/gems/ruby-2.0.0-p353/specifications/cucumber-1.3.10.gemspec
I, [2014-01-10T09:24:45.459576 #4287]  INFO -- : 0:  hike (1.2.3) from /home/framgia-user/.rvm/gems/ruby-2.0.0-p353/specifications/hike-1.2.3.gemspec
I, [2014-01-10T09:24:45.459867 #4287]  INFO -- : 0:  tilt (1.4.1) from /home/framgia-user/.rvm/gems/ruby-2.0.0-p353/specifications/tilt-1.4.1.gemspec
I, [2014-01-10T09:24:45.460198 #4287]  INFO -- : 0:  sprockets (2.10.1) from /home/framgia-user/.rvm/gems/ruby-2.0.0-p353/specifications/sprockets-2.10.1.gemspec
I, [2014-01-10T09:24:45.460493 #4287]  INFO -- : 0:  sprockets-rails (2.0.1) from /home/framgia-user/.rvm/gems/ruby-2.0.0-p353/specifications/sprockets-rails-2.0.1.gemspec
I, [2014-01-10T09:24:45.460783 #4287]  INFO -- : 0:  rails (4.0.2) from /home/framgia-user/.rvm/gems/ruby-2.0.0-p353/specifications/rails-4.0.2.gemspec
I, [2014-01-10T09:24:45.461062 #4287]  INFO -- : 0:  cucumber-rails (1.4.0) from /home/framgia-user/.rvm/gems/ruby-2.0.0-p353/specifications/cucumber-rails-1.4.0.gemspec
I, [2014-01-10T09:24:45.617895 #4287]  INFO -- : 0:  database_cleaner (1.2.0) from /home/framgia-user/.rvm/gems/ruby-2.0.0-p353/bundler/gems/database_cleaner-072492166e82/database_cleaner.gemspec
I, [2014-01-10T09:24:48.234812 #4287]  INFO -- : 0:  factory_girl (4.2.0) from /home/framgia-user/.rvm/gems/ruby-2.0.0-p353/specifications/factory_girl-4.2.0.gemspec
I, [2014-01-10T09:24:50.310853 #4287]  INFO -- : 0:  factory_girl_rails (4.2.1) from /home/framgia-user/.rvm/gems/ruby-2.0.0-p353/specifications/factory_girl_rails-4.2.1.gemspec
I, [2014-01-10T09:24:50.312097 #4287]  INFO -- : 0:  faker (1.1.2) from /home/framgia-user/.rvm/gems/ruby-2.0.0-p353/specifications/faker-1.1.2.gemspec
I, [2014-01-10T09:24:54.696591 #4287]  INFO -- : 0:  jbuilder (1.0.2) from /home/framgia-user/.rvm/gems/ruby-2.0.0-p353/specifications/jbuilder-1.0.2.gemspec
I, [2014-01-10T09:24:54.697877 #4287]  INFO -- : 0:  jquery-rails (3.0.4) from /home/framgia-user/.rvm/gems/ruby-2.0.0-p353/specifications/jquery-rails-3.0.4.gemspec
I, [2014-01-10T09:24:54.698777 #4287]  INFO -- : 0:  json (1.8.1) from /home/framgia-user/.rvm/gems/ruby-2.0.0-p353/specifications/json-1.8.1.gemspec
I, [2014-01-10T09:24:54.699741 #4287]  INFO -- : 0:  rdoc (3.12.2) from /home/framgia-user/.rvm/gems/ruby-2.0.0-p353/specifications/rdoc-3.12.2.gemspec
I, [2014-01-10T09:24:54.700602 #4287]  INFO -- : 0:  rspec-core (2.14.7) from /home/framgia-user/.rvm/gems/ruby-2.0.0-p353/specifications/rspec-core-2.14.7.gemspec
I, [2014-01-10T09:24:54.701508 #4287]  INFO -- : 0:  rspec-expectations (2.14.4) from /home/framgia-user/.rvm/gems/ruby-2.0.0-p353/specifications/rspec-expectations-2.14.4.gemspec
I, [2014-01-10T09:24:54.702388 #4287]  INFO -- : 0:  rspec-mocks (2.14.4) from /home/framgia-user/.rvm/gems/ruby-2.0.0-p353/specifications/rspec-mocks-2.14.4.gemspec
I, [2014-01-10T09:24:54.703280 #4287]  INFO -- : 0:  rspec-rails (2.14.1) from /home/framgia-user/.rvm/gems/ruby-2.0.0-p353/specifications/rspec-rails-2.14.1.gemspec
I, [2014-01-10T09:24:59.087638 #4287]  INFO -- : 0:  rubyzip (0.9.9) from /home/framgia-user/.rvm/gems/ruby-2.0.0-p353/specifications/rubyzip-0.9.9.gemspec
I, [2014-01-10T09:24:59.088713 #4287]  INFO -- : 0:  sass-rails (4.0.1) from /home/framgia-user/.rvm/gems/ruby-2.0.0-p353/specifications/sass-rails-4.0.1.gemspec
I, [2014-01-10T09:24:59.089668 #4287]  INFO -- : 0:  sdoc (0.3.20) from /home/framgia-user/.rvm/gems/ruby-2.0.0-p353/specifications/sdoc-0.3.20.gemspec
I, [2014-01-10T09:25:02.144630 #4287]  INFO -- : 0:  websocket (1.0.7) from /home/framgia-user/.rvm/gems/ruby-2.0.0-p353/specifications/websocket-1.0.7.gemspec
I, [2014-01-10T09:25:07.416740 #4287]  INFO -- : 0:  selenium-webdriver (2.35.1) from /home/framgia-user/.rvm/gems/ruby-2.0.0-p353/specifications/selenium-webdriver-2.35.1.gemspec
I, [2014-01-10T09:25:07.417338 #4287]  INFO -- : 0:  sqlite3 (1.3.8) from /home/framgia-user/.rvm/gems/ruby-2.0.0-p353/specifications/sqlite3-1.3.8.gemspec
I, [2014-01-10T09:25:09.750135 #4287]  INFO -- : 0:  turbolinks (1.1.1) from /home/framgia-user/.rvm/gems/ruby-2.0.0-p353/specifications/turbolinks-1.1.1.gemspec
I, [2014-01-10T09:25:13.088403 #4287]  INFO -- : 0:  uglifier (2.1.1) from /home/framgia-user/.rvm/gems/ruby-2.0.0-p353/specifications/uglifier-2.1.1.gemspec
I, [2014-01-10T09:25:48.349121 #4503]  INFO -- : 0:  rake (10.1.1) from /home/framgia-user/.rvm/gems/ruby-2.0.0-p353/specifications/rake-10.1.1.gemspec
I, [2014-01-10T09:25:48.350314 #4503]  INFO -- : 0:  i18n (0.6.9) from /home/framgia-user/.rvm/gems/ruby-2.0.0-p353/specifications/i18n-0.6.9.gemspec
I, [2014-01-10T09:25:48.350700 #4503]  INFO -- : 0:  minitest (4.7.5) from /home/framgia-user/.rvm/gems/ruby-2.0.0-p353/specifications/minitest-4.7.5.gemspec
I, [2014-01-10T09:25:48.351048 #4503]  INFO -- : 0:  multi_json (1.8.4) from /home/framgia-user/.rvm/gems/ruby-2.0.0-p353/specifications/multi_json-1.8.4.gemspec
I, [2014-01-10T09:25:48.351357 #4503]  INFO -- : 0:  atomic (1.1.14) from /home/framgia-user/.rvm/gems/ruby-2.0.0-p353/specifications/atomic-1.1.14.gemspec
I, [2014-01-10T09:25:48.351673 #4503]  INFO -- : 0:  thread_safe (0.1.3) from /home/framgia-user/.rvm/gems/ruby-2.0.0-p353/specifications/thread_safe-0.1.3.gemspec
I, [2014-01-10T09:25:48.352018 #4503]  INFO -- : 0:  tzinfo (0.3.38) from /home/framgia-user/.rvm/gems/ruby-2.0.0-p353/specifications/tzinfo-0.3.38.gemspec
I, [2014-01-10T09:25:48.352346 #4503]  INFO -- : 0:  activesupport (4.0.2) from /home/framgia-user/.rvm/gems/ruby-2.0.0-p353/specifications/activesupport-4.0.2.gemspec
I, [2014-01-10T09:25:48.352664 #4503]  INFO -- : 0:  builder (3.1.4) from /home/framgia-user/.rvm/gems/ruby-2.0.0-p353/specifications/builder-3.1.4.gemspec
I, [2014-01-10T09:25:48.353069 #4503]  INFO -- : 0:  erubis (2.7.0) from /home/framgia-user/.rvm/gems/ruby-2.0.0-p353/specifications/erubis-2.7.0.gemspec
I, [2014-01-10T09:25:48.353488 #4503]  INFO -- : 0:  rack (1.5.2) from /home/framgia-user/.rvm/gems/ruby-2.0.0-p353/specifications/rack-1.5.2.gemspec
I, [2014-01-10T09:25:48.353896 #4503]  INFO -- : 0:  rack-test (0.6.2) from /home/framgia-user/.rvm/gems/ruby-2.0.0-p353/specifications/rack-test-0.6.2.gemspec
I, [2014-01-10T09:25:48.354254 #4503]  INFO -- : 0:  actionpack (4.0.2) from /home/framgia-user/.rvm/gems/ruby-2.0.0-p353/specifications/actionpack-4.0.2.gemspec
I, [2014-01-10T09:25:48.354556 #4503]  INFO -- : 0:  mime-types (1.25.1) from /home/framgia-user/.rvm/gems/ruby-2.0.0-p353/specifications/mime-types-1.25.1.gemspec
I, [2014-01-10T09:25:48.354853 #4503]  INFO -- : 0:  polyglot (0.3.3) from /home/framgia-user/.rvm/gems/ruby-2.0.0-p353/specifications/polyglot-0.3.3.gemspec
I, [2014-01-10T09:25:48.355151 #4503]  INFO -- : 0:  treetop (1.4.15) from /home/framgia-user/.rvm/gems/ruby-2.0.0-p353/specifications/treetop-1.4.15.gemspec
I, [2014-01-10T09:25:48.355427 #4503]  INFO -- : 0:  mail (2.5.4) from /home/framgia-user/.rvm/gems/ruby-2.0.0-p353/specifications/mail-2.5.4.gemspec
I, [2014-01-10T09:25:48.355712 #4503]  INFO -- : 0:  actionmailer (4.0.2) from /home/framgia-user/.rvm/gems/ruby-2.0.0-p353/specifications/actionmailer-4.0.2.gemspec
I, [2014-01-10T09:25:48.356004 #4503]  INFO -- : 0:  activemodel (4.0.2) from /home/framgia-user/.rvm/gems/ruby-2.0.0-p353/specifications/activemodel-4.0.2.gemspec
I, [2014-01-10T09:25:48.356271 #4503]  INFO -- : 0:  activerecord-deprecated_finders (1.0.3) from /home/framgia-user/.rvm/gems/ruby-2.0.0-p353/specifications/activerecord-deprecated_finders-1.0.3.gemspec
I, [2014-01-10T09:25:48.356551 #4503]  INFO -- : 0:  arel (4.0.1) from /home/framgia-user/.rvm/gems/ruby-2.0.0-p353/specifications/arel-4.0.1.gemspec
I, [2014-01-10T09:25:48.356867 #4503]  INFO -- : 0:  activerecord (4.0.2) from /home/framgia-user/.rvm/gems/ruby-2.0.0-p353/specifications/activerecord-4.0.2.gemspec
I, [2014-01-10T09:25:48.357150 #4503]  INFO -- : 0:  bcrypt-ruby (3.1.2) from /home/framgia-user/.rvm/gems/ruby-2.0.0-p353/specifications/bcrypt-ruby-3.1.2.gemspec
I, [2014-01-10T09:25:48.357575 #4503]  INFO -- : 0:  sass (3.2.13) from /home/framgia-user/.rvm/gems/ruby-2.0.0-p353/specifications/sass-3.2.13.gemspec
I, [2014-01-10T09:25:48.358010 #4503]  INFO -- : 0:  bootstrap-sass (2.3.2.0) from /home/framgia-user/.rvm/gems/ruby-2.0.0-p353/specifications/bootstrap-sass-2.3.2.0.gemspec
I, [2014-01-10T09:25:48.358477 #4503]  INFO -- : 0:  will_paginate (3.0.4) from /home/framgia-user/.rvm/gems/ruby-2.0.0-p353/specifications/will_paginate-3.0.4.gemspec
I, [2014-01-10T09:25:48.358961 #4503]  INFO -- : 0:  bootstrap-will_paginate (0.0.9) from /home/framgia-user/.rvm/gems/ruby-2.0.0-p353/specifications/bootstrap-will_paginate-0.0.9.gemspec
I, [2014-01-10T09:25:48.359422 #4503]  INFO -- : 0:  mini_portile (0.5.2) from /home/framgia-user/.rvm/gems/ruby-2.0.0-p353/specifications/mini_portile-0.5.2.gemspec
I, [2014-01-10T09:25:48.359747 #4503]  INFO -- : 0:  nokogiri (1.6.1) from /home/framgia-user/.rvm/gems/ruby-2.0.0-p353/specifications/nokogiri-1.6.1.gemspec
I, [2014-01-10T09:25:48.360029 #4503]  INFO -- : 0:  xpath (2.0.0) from /home/framgia-user/.rvm/gems/ruby-2.0.0-p353/specifications/xpath-2.0.0.gemspec
I, [2014-01-10T09:25:48.360310 #4503]  INFO -- : 0:  capybara (2.1.0) from /home/framgia-user/.rvm/gems/ruby-2.0.0-p353/specifications/capybara-2.1.0.gemspec
I, [2014-01-10T09:25:48.360598 #4503]  INFO -- : 0:  ffi (1.9.3) from /home/framgia-user/.rvm/gems/ruby-2.0.0-p353/specifications/ffi-1.9.3.gemspec
I, [2014-01-10T09:25:48.360875 #4503]  INFO -- : 0:  childprocess (0.3.9) from /home/framgia-user/.rvm/gems/ruby-2.0.0-p353/specifications/childprocess-0.3.9.gemspec
I, [2014-01-10T09:25:48.361158 #4503]  INFO -- : 0:  coffee-script-source (1.6.3) from /home/framgia-user/.rvm/gems/ruby-2.0.0-p353/specifications/coffee-script-source-1.6.3.gemspec
I, [2014-01-10T09:25:48.361430 #4503]  INFO -- : 0:  execjs (2.0.2) from /home/framgia-user/.rvm/gems/ruby-2.0.0-p353/specifications/execjs-2.0.2.gemspec
I, [2014-01-10T09:25:48.361707 #4503]  INFO -- : 0:  coffee-script (2.2.0) from /home/framgia-user/.rvm/gems/ruby-2.0.0-p353/specifications/coffee-script-2.2.0.gemspec
I, [2014-01-10T09:25:48.361965 #4503]  INFO -- : 0:  thor (0.18.1) from /home/framgia-user/.rvm/gems/ruby-2.0.0-p353/specifications/thor-0.18.1.gemspec
I, [2014-01-10T09:25:48.362259 #4503]  INFO -- : 0:  railties (4.0.2) from /home/framgia-user/.rvm/gems/ruby-2.0.0-p353/specifications/railties-4.0.2.gemspec
I, [2014-01-10T09:25:48.362530 #4503]  INFO -- : 0:  coffee-rails (4.0.1) from /home/framgia-user/.rvm/gems/ruby-2.0.0-p353/specifications/coffee-rails-4.0.1.gemspec
I, [2014-01-10T09:25:48.362808 #4503]  INFO -- : 0:  diff-lcs (1.2.5) from /home/framgia-user/.rvm/gems/ruby-2.0.0-p353/specifications/diff-lcs-1.2.5.gemspec
I, [2014-01-10T09:25:48.363103 #4503]  INFO -- : 0:  gherkin (2.12.2) from /home/framgia-user/.rvm/gems/ruby-2.0.0-p353/specifications/gherkin-2.12.2.gemspec
I, [2014-01-10T09:25:48.363379 #4503]  INFO -- : 0:  multi_test (0.0.3) from /home/framgia-user/.rvm/gems/ruby-2.0.0-p353/specifications/multi_test-0.0.3.gemspec
I, [2014-01-10T09:25:48.363639 #4503]  INFO -- : 0:  cucumber (1.3.10) from /home/framgia-user/.rvm/gems/ruby-2.0.0-p353/specifications/cucumber-1.3.10.gemspec
I, [2014-01-10T09:25:48.363912 #4503]  INFO -- : 0:  bundler (1.5.1) from /home/framgia-user/.rvm/gems/ruby-2.0.0-p353/specifications/bundler-1.5.1.gemspec
I, [2014-01-10T09:25:48.364186 #4503]  INFO -- : 0:  hike (1.2.3) from /home/framgia-user/.rvm/gems/ruby-2.0.0-p353/specifications/hike-1.2.3.gemspec
I, [2014-01-10T09:25:48.364470 #4503]  INFO -- : 0:  tilt (1.4.1) from /home/framgia-user/.rvm/gems/ruby-2.0.0-p353/specifications/tilt-1.4.1.gemspec
I, [2014-01-10T09:25:48.364741 #4503]  INFO -- : 0:  sprockets (2.10.1) from /home/framgia-user/.rvm/gems/ruby-2.0.0-p353/specifications/sprockets-2.10.1.gemspec
I, [2014-01-10T09:25:48.365005 #4503]  INFO -- : 0:  sprockets-rails (2.0.1) from /home/framgia-user/.rvm/gems/ruby-2.0.0-p353/specifications/sprockets-rails-2.0.1.gemspec
I, [2014-01-10T09:25:48.365288 #4503]  INFO -- : 0:  rails (4.0.2) from /home/framgia-user/.rvm/gems/ruby-2.0.0-p353/specifications/rails-4.0.2.gemspec
I, [2014-01-10T09:25:48.365564 #4503]  INFO -- : 0:  cucumber-rails (1.4.0) from /home/framgia-user/.rvm/gems/ruby-2.0.0-p353/specifications/cucumber-rails-1.4.0.gemspec
I, [2014-01-10T09:25:48.466779 #4503]  INFO -- : 0:  database_cleaner (1.2.0) from /home/framgia-user/.rvm/gems/ruby-2.0.0-p353/bundler/gems/database_cleaner-072492166e82/database_cleaner.gemspec
I, [2014-01-10T09:25:48.467266 #4503]  INFO -- : 0:  factory_girl (4.2.0) from /home/framgia-user/.rvm/gems/ruby-2.0.0-p353/specifications/factory_girl-4.2.0.gemspec
I, [2014-01-10T09:25:48.467576 #4503]  INFO -- : 0:  factory_girl_rails (4.2.1) from /home/framgia-user/.rvm/gems/ruby-2.0.0-p353/specifications/factory_girl_rails-4.2.1.gemspec
I, [2014-01-10T09:25:48.467868 #4503]  INFO -- : 0:  faker (1.1.2) from /home/framgia-user/.rvm/gems/ruby-2.0.0-p353/specifications/faker-1.1.2.gemspec
I, [2014-01-10T09:25:48.468166 #4503]  INFO -- : 0:  jbuilder (1.0.2) from /home/framgia-user/.rvm/gems/ruby-2.0.0-p353/specifications/jbuilder-1.0.2.gemspec
I, [2014-01-10T09:25:48.468452 #4503]  INFO -- : 0:  jquery-rails (3.0.4) from /home/framgia-user/.rvm/gems/ruby-2.0.0-p353/specifications/jquery-rails-3.0.4.gemspec
I, [2014-01-10T09:25:48.468739 #4503]  INFO -- : 0:  json (1.8.1) from /home/framgia-user/.rvm/gems/ruby-2.0.0-p353/specifications/json-1.8.1.gemspec
I, [2014-01-10T09:25:48.469030 #4503]  INFO -- : 0:  rdoc (3.12.2) from /home/framgia-user/.rvm/gems/ruby-2.0.0-p353/specifications/rdoc-3.12.2.gemspec
I, [2014-01-10T09:25:48.469320 #4503]  INFO -- : 0:  rspec-core (2.14.7) from /home/framgia-user/.rvm/gems/ruby-2.0.0-p353/specifications/rspec-core-2.14.7.gemspec
I, [2014-01-10T09:25:48.469596 #4503]  INFO -- : 0:  rspec-expectations (2.14.4) from /home/framgia-user/.rvm/gems/ruby-2.0.0-p353/specifications/rspec-expectations-2.14.4.gemspec
I, [2014-01-10T09:25:48.469866 #4503]  INFO -- : 0:  rspec-mocks (2.14.4) from /home/framgia-user/.rvm/gems/ruby-2.0.0-p353/specifications/rspec-mocks-2.14.4.gemspec
I, [2014-01-10T09:25:48.470131 #4503]  INFO -- : 0:  rspec-rails (2.14.1) from /home/framgia-user/.rvm/gems/ruby-2.0.0-p353/specifications/rspec-rails-2.14.1.gemspec
I, [2014-01-10T09:25:48.470396 #4503]  INFO -- : 0:  rubyzip (0.9.9) from /home/framgia-user/.rvm/gems/ruby-2.0.0-p353/specifications/rubyzip-0.9.9.gemspec
I, [2014-01-10T09:25:48.470663 #4503]  INFO -- : 0:  sass-rails (4.0.1) from /home/framgia-user/.rvm/gems/ruby-2.0.0-p353/specifications/sass-rails-4.0.1.gemspec
I, [2014-01-10T09:25:48.470956 #4503]  INFO -- : 0:  sdoc (0.3.20) from /home/framgia-user/.rvm/gems/ruby-2.0.0-p353/specifications/sdoc-0.3.20.gemspec
I, [2014-01-10T09:25:48.471229 #4503]  INFO -- : 0:  websocket (1.0.7) from /home/framgia-user/.rvm/gems/ruby-2.0.0-p353/specifications/websocket-1.0.7.gemspec
I, [2014-01-10T09:25:48.471495 #4503]  INFO -- : 0:  selenium-webdriver (2.35.1) from /home/framgia-user/.rvm/gems/ruby-2.0.0-p353/specifications/selenium-webdriver-2.35.1.gemspec
I, [2014-01-10T09:25:48.471759 #4503]  INFO -- : 0:  sqlite3 (1.3.8) from /home/framgia-user/.rvm/gems/ruby-2.0.0-p353/specifications/sqlite3-1.3.8.gemspec
I, [2014-01-10T09:25:48.472034 #4503]  INFO -- : 0:  turbolinks (1.1.1) from /home/framgia-user/.rvm/gems/ruby-2.0.0-p353/specifications/turbolinks-1.1.1.gemspec
I, [2014-01-10T09:25:48.472306 #4503]  INFO -- : 0:  uglifier (2.1.1) from /home/framgia-user/.rvm/gems/ruby-2.0.0-p353/specifications/uglifier-2.1.1.gemspec
I, [2014-01-10T16:10:24.668425 #22583]  INFO -- : 0:  rake (10.1.1) from /home/framgia-user/.rvm/gems/ruby-2.0.0-p353/specifications/rake-10.1.1.gemspec
I, [2014-01-10T16:10:24.692114 #22583]  INFO -- : 0:  i18n (0.6.9) from /home/framgia-user/.rvm/gems/ruby-2.0.0-p353/specifications/i18n-0.6.9.gemspec
I, [2014-01-10T16:10:24.692479 #22583]  INFO -- : 0:  minitest (4.7.5) from /home/framgia-user/.rvm/gems/ruby-2.0.0-p353/specifications/minitest-4.7.5.gemspec
I, [2014-01-10T16:10:24.692790 #22583]  INFO -- : 0:  multi_json (1.8.4) from /home/framgia-user/.rvm/gems/ruby-2.0.0-p353/specifications/multi_json-1.8.4.gemspec
I, [2014-01-10T16:10:24.693071 #22583]  INFO -- : 0:  atomic (1.1.14) from /home/framgia-user/.rvm/gems/ruby-2.0.0-p353/specifications/atomic-1.1.14.gemspec
I, [2014-01-10T16:10:24.693356 #22583]  INFO -- : 0:  thread_safe (0.1.3) from /home/framgia-user/.rvm/gems/ruby-2.0.0-p353/specifications/thread_safe-0.1.3.gemspec
I, [2014-01-10T16:10:24.693647 #22583]  INFO -- : 0:  tzinfo (0.3.38) from /home/framgia-user/.rvm/gems/ruby-2.0.0-p353/specifications/tzinfo-0.3.38.gemspec
I, [2014-01-10T16:10:24.710172 #22583]  INFO -- : 0:  activesupport (4.0.2) from /home/framgia-user/.rvm/gems/ruby-2.0.0-p353/specifications/activesupport-4.0.2.gemspec
I, [2014-01-10T16:10:24.710955 #22583]  INFO -- : 0:  builder (3.1.4) from /home/framgia-user/.rvm/gems/ruby-2.0.0-p353/specifications/builder-3.1.4.gemspec
I, [2014-01-10T16:10:24.711900 #22583]  INFO -- : 0:  erubis (2.7.0) from /home/framgia-user/.rvm/gems/ruby-2.0.0-p353/specifications/erubis-2.7.0.gemspec
I, [2014-01-10T16:10:24.712947 #22583]  INFO -- : 0:  rack (1.5.2) from /home/framgia-user/.rvm/gems/ruby-2.0.0-p353/specifications/rack-1.5.2.gemspec
I, [2014-01-10T16:10:24.714103 #22583]  INFO -- : 0:  rack-test (0.6.2) from /home/framgia-user/.rvm/gems/ruby-2.0.0-p353/specifications/rack-test-0.6.2.gemspec
I, [2014-01-10T16:10:24.715432 #22583]  INFO -- : 0:  actionpack (4.0.2) from /home/framgia-user/.rvm/gems/ruby-2.0.0-p353/specifications/actionpack-4.0.2.gemspec
I, [2014-01-10T16:10:24.716697 #22583]  INFO -- : 0:  mime-types (1.25.1) from /home/framgia-user/.rvm/gems/ruby-2.0.0-p353/specifications/mime-types-1.25.1.gemspec
I, [2014-01-10T16:10:24.717937 #22583]  INFO -- : 0:  polyglot (0.3.3) from /home/framgia-user/.rvm/gems/ruby-2.0.0-p353/specifications/polyglot-0.3.3.gemspec
I, [2014-01-10T16:10:24.719106 #22583]  INFO -- : 0:  treetop (1.4.15) from /home/framgia-user/.rvm/gems/ruby-2.0.0-p353/specifications/treetop-1.4.15.gemspec
I, [2014-01-10T16:10:24.719453 #22583]  INFO -- : 0:  mail (2.5.4) from /home/framgia-user/.rvm/gems/ruby-2.0.0-p353/specifications/mail-2.5.4.gemspec
I, [2014-01-10T16:10:24.719777 #22583]  INFO -- : 0:  actionmailer (4.0.2) from /home/framgia-user/.rvm/gems/ruby-2.0.0-p353/specifications/actionmailer-4.0.2.gemspec
I, [2014-01-10T16:10:24.720090 #22583]  INFO -- : 0:  activemodel (4.0.2) from /home/framgia-user/.rvm/gems/ruby-2.0.0-p353/specifications/activemodel-4.0.2.gemspec
I, [2014-01-10T16:10:24.720393 #22583]  INFO -- : 0:  activerecord-deprecated_finders (1.0.3) from /home/framgia-user/.rvm/gems/ruby-2.0.0-p353/specifications/activerecord-deprecated_finders-1.0.3.gemspec
I, [2014-01-10T16:10:24.720696 #22583]  INFO -- : 0:  arel (4.0.1) from /home/framgia-user/.rvm/gems/ruby-2.0.0-p353/specifications/arel-4.0.1.gemspec
I, [2014-01-10T16:10:24.721010 #22583]  INFO -- : 0:  activerecord (4.0.2) from /home/framgia-user/.rvm/gems/ruby-2.0.0-p353/specifications/activerecord-4.0.2.gemspec
I, [2014-01-10T16:10:24.721312 #22583]  INFO -- : 0:  bcrypt-ruby (3.1.2) from /home/framgia-user/.rvm/gems/ruby-2.0.0-p353/specifications/bcrypt-ruby-3.1.2.gemspec
I, [2014-01-10T16:10:24.721616 #22583]  INFO -- : 0:  sass (3.2.13) from /home/framgia-user/.rvm/gems/ruby-2.0.0-p353/specifications/sass-3.2.13.gemspec
I, [2014-01-10T16:10:24.721916 #22583]  INFO -- : 0:  bootstrap-sass (2.3.2.0) from /home/framgia-user/.rvm/gems/ruby-2.0.0-p353/specifications/bootstrap-sass-2.3.2.0.gemspec
I, [2014-01-10T16:10:24.722216 #22583]  INFO -- : 0:  will_paginate (3.0.4) from /home/framgia-user/.rvm/gems/ruby-2.0.0-p353/specifications/will_paginate-3.0.4.gemspec
I, [2014-01-10T16:10:24.722516 #22583]  INFO -- : 0:  bootstrap-will_paginate (0.0.9) from /home/framgia-user/.rvm/gems/ruby-2.0.0-p353/specifications/bootstrap-will_paginate-0.0.9.gemspec
I, [2014-01-10T16:10:24.722799 #22583]  INFO -- : 0:  bundler (1.5.1) from /home/framgia-user/.rvm/gems/ruby-2.0.0-p353/specifications/bundler-1.5.1.gemspec
I, [2014-01-10T16:10:24.723222 #22583]  INFO -- : 0:  mini_portile (0.5.2) from /home/framgia-user/.rvm/gems/ruby-2.0.0-p353/specifications/mini_portile-0.5.2.gemspec
I, [2014-01-10T16:10:24.723650 #22583]  INFO -- : 0:  nokogiri (1.6.1) from /home/framgia-user/.rvm/gems/ruby-2.0.0-p353/specifications/nokogiri-1.6.1.gemspec
I, [2014-01-10T16:10:24.724070 #22583]  INFO -- : 0:  xpath (2.0.0) from /home/framgia-user/.rvm/gems/ruby-2.0.0-p353/specifications/xpath-2.0.0.gemspec
I, [2014-01-10T16:10:24.724499 #22583]  INFO -- : 0:  capybara (2.1.0) from /home/framgia-user/.rvm/gems/ruby-2.0.0-p353/specifications/capybara-2.1.0.gemspec
I, [2014-01-10T16:10:24.724937 #22583]  INFO -- : 0:  ffi (1.9.3) from /home/framgia-user/.rvm/gems/ruby-2.0.0-p353/specifications/ffi-1.9.3.gemspec
I, [2014-01-10T16:10:24.725365 #22583]  INFO -- : 0:  childprocess (0.3.9) from /home/framgia-user/.rvm/gems/ruby-2.0.0-p353/specifications/childprocess-0.3.9.gemspec
I, [2014-01-10T16:10:24.725789 #22583]  INFO -- : 0:  coffee-script-source (1.6.3) from /home/framgia-user/.rvm/gems/ruby-2.0.0-p353/specifications/coffee-script-source-1.6.3.gemspec
I, [2014-01-10T16:10:24.726209 #22583]  INFO -- : 0:  execjs (2.0.2) from /home/framgia-user/.rvm/gems/ruby-2.0.0-p353/specifications/execjs-2.0.2.gemspec
I, [2014-01-10T16:10:24.726503 #22583]  INFO -- : 0:  coffee-script (2.2.0) from /home/framgia-user/.rvm/gems/ruby-2.0.0-p353/specifications/coffee-script-2.2.0.gemspec
I, [2014-01-10T16:10:24.726885 #22583]  INFO -- : 0:  thor (0.18.1) from /home/framgia-user/.rvm/gems/ruby-2.0.0-p353/specifications/thor-0.18.1.gemspec
I, [2014-01-10T16:10:24.727374 #22583]  INFO -- : 0:  railties (4.0.2) from /home/framgia-user/.rvm/gems/ruby-2.0.0-p353/specifications/railties-4.0.2.gemspec
I, [2014-01-10T16:10:24.727801 #22583]  INFO -- : 0:  coffee-rails (4.0.1) from /home/framgia-user/.rvm/gems/ruby-2.0.0-p353/specifications/coffee-rails-4.0.1.gemspec
I, [2014-01-10T16:10:24.728220 #22583]  INFO -- : 0:  diff-lcs (1.2.5) from /home/framgia-user/.rvm/gems/ruby-2.0.0-p353/specifications/diff-lcs-1.2.5.gemspec
I, [2014-01-10T16:10:24.728639 #22583]  INFO -- : 0:  gherkin (2.12.2) from /home/framgia-user/.rvm/gems/ruby-2.0.0-p353/specifications/gherkin-2.12.2.gemspec
I, [2014-01-10T16:10:24.729059 #22583]  INFO -- : 0:  multi_test (0.0.3) from /home/framgia-user/.rvm/gems/ruby-2.0.0-p353/specifications/multi_test-0.0.3.gemspec
I, [2014-01-10T16:10:24.729475 #22583]  INFO -- : 0:  cucumber (1.3.10) from /home/framgia-user/.rvm/gems/ruby-2.0.0-p353/specifications/cucumber-1.3.10.gemspec
I, [2014-01-10T16:10:24.729890 #22583]  INFO -- : 0:  hike (1.2.3) from /home/framgia-user/.rvm/gems/ruby-2.0.0-p353/specifications/hike-1.2.3.gemspec
I, [2014-01-10T16:10:24.730339 #22583]  INFO -- : 0:  tilt (1.4.1) from /home/framgia-user/.rvm/gems/ruby-2.0.0-p353/specifications/tilt-1.4.1.gemspec
I, [2014-01-10T16:10:24.730763 #22583]  INFO -- : 0:  sprockets (2.10.1) from /home/framgia-user/.rvm/gems/ruby-2.0.0-p353/specifications/sprockets-2.10.1.gemspec
I, [2014-01-10T16:10:24.731210 #22583]  INFO -- : 0:  sprockets-rails (2.0.1) from /home/framgia-user/.rvm/gems/ruby-2.0.0-p353/specifications/sprockets-rails-2.0.1.gemspec
I, [2014-01-10T16:10:24.731648 #22583]  INFO -- : 0:  rails (4.0.2) from /home/framgia-user/.rvm/gems/ruby-2.0.0-p353/specifications/rails-4.0.2.gemspec
I, [2014-01-10T16:10:24.732075 #22583]  INFO -- : 0:  cucumber-rails (1.4.0) from /home/framgia-user/.rvm/gems/ruby-2.0.0-p353/specifications/cucumber-rails-1.4.0.gemspec
I, [2014-01-10T16:10:24.869009 #22583]  INFO -- : 0:  database_cleaner (1.2.0) from /home/framgia-user/.rvm/gems/ruby-2.0.0-p353/bundler/gems/database_cleaner-072492166e82/database_cleaner.gemspec
I, [2014-01-10T16:10:24.869466 #22583]  INFO -- : 0:  factory_girl (4.2.0) from /home/framgia-user/.rvm/gems/ruby-2.0.0-p353/specifications/factory_girl-4.2.0.gemspec
I, [2014-01-10T16:10:24.869769 #22583]  INFO -- : 0:  factory_girl_rails (4.2.1) from /home/framgia-user/.rvm/gems/ruby-2.0.0-p353/specifications/factory_girl_rails-4.2.1.gemspec
I, [2014-01-10T16:10:24.870065 #22583]  INFO -- : 0:  faker (1.1.2) from /home/framgia-user/.rvm/gems/ruby-2.0.0-p353/specifications/faker-1.1.2.gemspec
I, [2014-01-10T16:10:24.870360 #22583]  INFO -- : 0:  jbuilder (1.0.2) from /home/framgia-user/.rvm/gems/ruby-2.0.0-p353/specifications/jbuilder-1.0.2.gemspec
I, [2014-01-10T16:10:24.870644 #22583]  INFO -- : 0:  jquery-rails (3.0.4) from /home/framgia-user/.rvm/gems/ruby-2.0.0-p353/specifications/jquery-rails-3.0.4.gemspec
I, [2014-01-10T16:10:24.870975 #22583]  INFO -- : 0:  json (1.8.1) from /home/framgia-user/.rvm/gems/ruby-2.0.0-p353/specifications/json-1.8.1.gemspec
I, [2014-01-10T16:10:24.871290 #22583]  INFO -- : 0:  rdoc (3.12.2) from /home/framgia-user/.rvm/gems/ruby-2.0.0-p353/specifications/rdoc-3.12.2.gemspec
I, [2014-01-10T16:10:24.871591 #22583]  INFO -- : 0:  rspec-core (2.14.7) from /home/framgia-user/.rvm/gems/ruby-2.0.0-p353/specifications/rspec-core-2.14.7.gemspec
I, [2014-01-10T16:10:24.871872 #22583]  INFO -- : 0:  rspec-expectations (2.14.4) from /home/framgia-user/.rvm/gems/ruby-2.0.0-p353/specifications/rspec-expectations-2.14.4.gemspec
I, [2014-01-10T16:10:24.872159 #22583]  INFO -- : 0:  rspec-mocks (2.14.4) from /home/framgia-user/.rvm/gems/ruby-2.0.0-p353/specifications/rspec-mocks-2.14.4.gemspec
I, [2014-01-10T16:10:24.872438 #22583]  INFO -- : 0:  rspec-rails (2.14.1) from /home/framgia-user/.rvm/gems/ruby-2.0.0-p353/specifications/rspec-rails-2.14.1.gemspec
I, [2014-01-10T16:10:24.872773 #22583]  INFO -- : 0:  rubyzip (0.9.9) from /home/framgia-user/.rvm/gems/ruby-2.0.0-p353/specifications/rubyzip-0.9.9.gemspec
I, [2014-01-10T16:10:24.873072 #22583]  INFO -- : 0:  sass-rails (4.0.1) from /home/framgia-user/.rvm/gems/ruby-2.0.0-p353/specifications/sass-rails-4.0.1.gemspec
I, [2014-01-10T16:10:24.873351 #22583]  INFO -- : 0:  sdoc (0.3.20) from /home/framgia-user/.rvm/gems/ruby-2.0.0-p353/specifications/sdoc-0.3.20.gemspec
I, [2014-01-10T16:10:24.873627 #22583]  INFO -- : 0:  websocket (1.0.7) from /home/framgia-user/.rvm/gems/ruby-2.0.0-p353/specifications/websocket-1.0.7.gemspec
I, [2014-01-10T16:10:24.873906 #22583]  INFO -- : 0:  selenium-webdriver (2.35.1) from /home/framgia-user/.rvm/gems/ruby-2.0.0-p353/specifications/selenium-webdriver-2.35.1.gemspec
I, [2014-01-10T16:10:24.874180 #22583]  INFO -- : 0:  sqlite3 (1.3.8) from /home/framgia-user/.rvm/gems/ruby-2.0.0-p353/specifications/sqlite3-1.3.8.gemspec
I, [2014-01-10T16:10:24.874465 #22583]  INFO -- : 0:  turbolinks (1.1.1) from /home/framgia-user/.rvm/gems/ruby-2.0.0-p353/specifications/turbolinks-1.1.1.gemspec
I, [2014-01-10T16:10:24.874751 #22583]  INFO -- : 0:  uglifier (2.1.1) from /home/framgia-user/.rvm/gems/ruby-2.0.0-p353/specifications/uglifier-2.1.1.gemspec
I, [2014-01-10T16:11:11.013301 #22623]  INFO -- : 0:  rake (10.1.1) from /home/framgia-user/.rvm/gems/ruby-2.0.0-p353/specifications/rake-10.1.1.gemspec
I, [2014-01-10T16:11:11.013768 #22623]  INFO -- : 0:  i18n (0.6.9) from /home/framgia-user/.rvm/gems/ruby-2.0.0-p353/specifications/i18n-0.6.9.gemspec
I, [2014-01-10T16:11:11.014079 #22623]  INFO -- : 0:  minitest (4.7.5) from /home/framgia-user/.rvm/gems/ruby-2.0.0-p353/specifications/minitest-4.7.5.gemspec
I, [2014-01-10T16:11:11.014380 #22623]  INFO -- : 0:  multi_json (1.8.4) from /home/framgia-user/.rvm/gems/ruby-2.0.0-p353/specifications/multi_json-1.8.4.gemspec
I, [2014-01-10T16:11:11.014672 #22623]  INFO -- : 0:  atomic (1.1.14) from /home/framgia-user/.rvm/gems/ruby-2.0.0-p353/specifications/atomic-1.1.14.gemspec
I, [2014-01-10T16:11:11.015001 #22623]  INFO -- : 0:  thread_safe (0.1.3) from /home/framgia-user/.rvm/gems/ruby-2.0.0-p353/specifications/thread_safe-0.1.3.gemspec
I, [2014-01-10T16:11:11.015301 #22623]  INFO -- : 0:  tzinfo (0.3.38) from /home/framgia-user/.rvm/gems/ruby-2.0.0-p353/specifications/tzinfo-0.3.38.gemspec
I, [2014-01-10T16:11:11.015580 #22623]  INFO -- : 0:  activesupport (4.0.2) from /home/framgia-user/.rvm/gems/ruby-2.0.0-p353/specifications/activesupport-4.0.2.gemspec
I, [2014-01-10T16:11:11.015875 #22623]  INFO -- : 0:  builder (3.1.4) from /home/framgia-user/.rvm/gems/ruby-2.0.0-p353/specifications/builder-3.1.4.gemspec
I, [2014-01-10T16:11:11.016155 #22623]  INFO -- : 0:  erubis (2.7.0) from /home/framgia-user/.rvm/gems/ruby-2.0.0-p353/specifications/erubis-2.7.0.gemspec
I, [2014-01-10T16:11:11.016440 #22623]  INFO -- : 0:  rack (1.5.2) from /home/framgia-user/.rvm/gems/ruby-2.0.0-p353/specifications/rack-1.5.2.gemspec
I, [2014-01-10T16:11:11.016721 #22623]  INFO -- : 0:  rack-test (0.6.2) from /home/framgia-user/.rvm/gems/ruby-2.0.0-p353/specifications/rack-test-0.6.2.gemspec
I, [2014-01-10T16:11:11.017010 #22623]  INFO -- : 0:  actionpack (4.0.2) from /home/framgia-user/.rvm/gems/ruby-2.0.0-p353/specifications/actionpack-4.0.2.gemspec
I, [2014-01-10T16:11:11.017295 #22623]  INFO -- : 0:  mime-types (1.25.1) from /home/framgia-user/.rvm/gems/ruby-2.0.0-p353/specifications/mime-types-1.25.1.gemspec
I, [2014-01-10T16:11:11.017580 #22623]  INFO -- : 0:  polyglot (0.3.3) from /home/framgia-user/.rvm/gems/ruby-2.0.0-p353/specifications/polyglot-0.3.3.gemspec
I, [2014-01-10T16:11:11.017872 #22623]  INFO -- : 0:  treetop (1.4.15) from /home/framgia-user/.rvm/gems/ruby-2.0.0-p353/specifications/treetop-1.4.15.gemspec
I, [2014-01-10T16:11:11.018158 #22623]  INFO -- : 0:  mail (2.5.4) from /home/framgia-user/.rvm/gems/ruby-2.0.0-p353/specifications/mail-2.5.4.gemspec
I, [2014-01-10T16:11:11.018450 #22623]  INFO -- : 0:  actionmailer (4.0.2) from /home/framgia-user/.rvm/gems/ruby-2.0.0-p353/specifications/actionmailer-4.0.2.gemspec
I, [2014-01-10T16:11:11.018730 #22623]  INFO -- : 0:  activemodel (4.0.2) from /home/framgia-user/.rvm/gems/ruby-2.0.0-p353/specifications/activemodel-4.0.2.gemspec
I, [2014-01-10T16:11:11.019032 #22623]  INFO -- : 0:  activerecord-deprecated_finders (1.0.3) from /home/framgia-user/.rvm/gems/ruby-2.0.0-p353/specifications/activerecord-deprecated_finders-1.0.3.gemspec
I, [2014-01-10T16:11:11.019322 #22623]  INFO -- : 0:  arel (4.0.1) from /home/framgia-user/.rvm/gems/ruby-2.0.0-p353/specifications/arel-4.0.1.gemspec
I, [2014-01-10T16:11:11.019611 #22623]  INFO -- : 0:  activerecord (4.0.2) from /home/framgia-user/.rvm/gems/ruby-2.0.0-p353/specifications/activerecord-4.0.2.gemspec
I, [2014-01-10T16:11:11.019898 #22623]  INFO -- : 0:  bcrypt-ruby (3.1.2) from /home/framgia-user/.rvm/gems/ruby-2.0.0-p353/specifications/bcrypt-ruby-3.1.2.gemspec
I, [2014-01-10T16:11:11.020190 #22623]  INFO -- : 0:  sass (3.2.13) from /home/framgia-user/.rvm/gems/ruby-2.0.0-p353/specifications/sass-3.2.13.gemspec
I, [2014-01-10T16:11:11.020458 #22623]  INFO -- : 0:  bootstrap-sass (2.3.2.0) from /home/framgia-user/.rvm/gems/ruby-2.0.0-p353/specifications/bootstrap-sass-2.3.2.0.gemspec
I, [2014-01-10T16:11:11.020743 #22623]  INFO -- : 0:  will_paginate (3.0.4) from /home/framgia-user/.rvm/gems/ruby-2.0.0-p353/specifications/will_paginate-3.0.4.gemspec
I, [2014-01-10T16:11:11.021032 #22623]  INFO -- : 0:  bootstrap-will_paginate (0.0.9) from /home/framgia-user/.rvm/gems/ruby-2.0.0-p353/specifications/bootstrap-will_paginate-0.0.9.gemspec
I, [2014-01-10T16:11:11.021310 #22623]  INFO -- : 0:  mini_portile (0.5.2) from /home/framgia-user/.rvm/gems/ruby-2.0.0-p353/specifications/mini_portile-0.5.2.gemspec
I, [2014-01-10T16:11:11.021588 #22623]  INFO -- : 0:  nokogiri (1.6.1) from /home/framgia-user/.rvm/gems/ruby-2.0.0-p353/specifications/nokogiri-1.6.1.gemspec
I, [2014-01-10T16:11:11.021865 #22623]  INFO -- : 0:  xpath (2.0.0) from /home/framgia-user/.rvm/gems/ruby-2.0.0-p353/specifications/xpath-2.0.0.gemspec
I, [2014-01-10T16:11:11.022138 #22623]  INFO -- : 0:  capybara (2.1.0) from /home/framgia-user/.rvm/gems/ruby-2.0.0-p353/specifications/capybara-2.1.0.gemspec
I, [2014-01-10T16:11:11.022420 #22623]  INFO -- : 0:  ffi (1.9.3) from /home/framgia-user/.rvm/gems/ruby-2.0.0-p353/specifications/ffi-1.9.3.gemspec
I, [2014-01-10T16:11:11.022834 #22623]  INFO -- : 0:  childprocess (0.3.9) from /home/framgia-user/.rvm/gems/ruby-2.0.0-p353/specifications/childprocess-0.3.9.gemspec
I, [2014-01-10T16:11:11.023642 #22623]  INFO -- : 0:  coffee-script-source (1.6.3) from /home/framgia-user/.rvm/gems/ruby-2.0.0-p353/specifications/coffee-script-source-1.6.3.gemspec
I, [2014-01-10T16:11:11.024182 #22623]  INFO -- : 0:  execjs (2.0.2) from /home/framgia-user/.rvm/gems/ruby-2.0.0-p353/specifications/execjs-2.0.2.gemspec
I, [2014-01-10T16:11:11.024631 #22623]  INFO -- : 0:  coffee-script (2.2.0) from /home/framgia-user/.rvm/gems/ruby-2.0.0-p353/specifications/coffee-script-2.2.0.gemspec
I, [2014-01-10T16:11:11.024947 #22623]  INFO -- : 0:  thor (0.18.1) from /home/framgia-user/.rvm/gems/ruby-2.0.0-p353/specifications/thor-0.18.1.gemspec
I, [2014-01-10T16:11:11.025246 #22623]  INFO -- : 0:  railties (4.0.2) from /home/framgia-user/.rvm/gems/ruby-2.0.0-p353/specifications/railties-4.0.2.gemspec
I, [2014-01-10T16:11:11.025554 #22623]  INFO -- : 0:  coffee-rails (4.0.1) from /home/framgia-user/.rvm/gems/ruby-2.0.0-p353/specifications/coffee-rails-4.0.1.gemspec
I, [2014-01-10T16:11:11.025835 #22623]  INFO -- : 0:  diff-lcs (1.2.5) from /home/framgia-user/.rvm/gems/ruby-2.0.0-p353/specifications/diff-lcs-1.2.5.gemspec
I, [2014-01-10T16:11:11.026122 #22623]  INFO -- : 0:  gherkin (2.12.2) from /home/framgia-user/.rvm/gems/ruby-2.0.0-p353/specifications/gherkin-2.12.2.gemspec
I, [2014-01-10T16:11:11.026390 #22623]  INFO -- : 0:  multi_test (0.0.3) from /home/framgia-user/.rvm/gems/ruby-2.0.0-p353/specifications/multi_test-0.0.3.gemspec
I, [2014-01-10T16:11:11.026671 #22623]  INFO -- : 0:  cucumber (1.3.10) from /home/framgia-user/.rvm/gems/ruby-2.0.0-p353/specifications/cucumber-1.3.10.gemspec
I, [2014-01-10T16:11:11.026970 #22623]  INFO -- : 0:  bundler (1.5.1) from /home/framgia-user/.rvm/gems/ruby-2.0.0-p353/specifications/bundler-1.5.1.gemspec
I, [2014-01-10T16:11:11.027261 #22623]  INFO -- : 0:  hike (1.2.3) from /home/framgia-user/.rvm/gems/ruby-2.0.0-p353/specifications/hike-1.2.3.gemspec
I, [2014-01-10T16:11:11.027547 #22623]  INFO -- : 0:  tilt (1.4.1) from /home/framgia-user/.rvm/gems/ruby-2.0.0-p353/specifications/tilt-1.4.1.gemspec
I, [2014-01-10T16:11:11.027832 #22623]  INFO -- : 0:  sprockets (2.10.1) from /home/framgia-user/.rvm/gems/ruby-2.0.0-p353/specifications/sprockets-2.10.1.gemspec
I, [2014-01-10T16:11:11.028101 #22623]  INFO -- : 0:  sprockets-rails (2.0.1) from /home/framgia-user/.rvm/gems/ruby-2.0.0-p353/specifications/sprockets-rails-2.0.1.gemspec
I, [2014-01-10T16:11:11.028387 #22623]  INFO -- : 0:  rails (4.0.2) from /home/framgia-user/.rvm/gems/ruby-2.0.0-p353/specifications/rails-4.0.2.gemspec
I, [2014-01-10T16:11:11.028668 #22623]  INFO -- : 0:  cucumber-rails (1.4.0) from /home/framgia-user/.rvm/gems/ruby-2.0.0-p353/specifications/cucumber-rails-1.4.0.gemspec
I, [2014-01-10T16:11:11.134849 #22623]  INFO -- : 0:  database_cleaner (1.2.0) from /home/framgia-user/.rvm/gems/ruby-2.0.0-p353/bundler/gems/database_cleaner-072492166e82/database_cleaner.gemspec
I, [2014-01-10T16:11:11.135390 #22623]  INFO -- : 0:  factory_girl (4.2.0) from /home/framgia-user/.rvm/gems/ruby-2.0.0-p353/specifications/factory_girl-4.2.0.gemspec
I, [2014-01-10T16:11:11.135727 #22623]  INFO -- : 0:  factory_girl_rails (4.2.1) from /home/framgia-user/.rvm/gems/ruby-2.0.0-p353/specifications/factory_girl_rails-4.2.1.gemspec
I, [2014-01-10T16:11:11.136095 #22623]  INFO -- : 0:  faker (1.1.2) from /home/framgia-user/.rvm/gems/ruby-2.0.0-p353/specifications/faker-1.1.2.gemspec
I, [2014-01-10T16:11:11.136486 #22623]  INFO -- : 0:  jbuilder (1.0.2) from /home/framgia-user/.rvm/gems/ruby-2.0.0-p353/specifications/jbuilder-1.0.2.gemspec
I, [2014-01-10T16:11:11.136790 #22623]  INFO -- : 0:  jquery-rails (3.0.4) from /home/framgia-user/.rvm/gems/ruby-2.0.0-p353/specifications/jquery-rails-3.0.4.gemspec
I, [2014-01-10T16:11:11.137078 #22623]  INFO -- : 0:  json (1.8.1) from /home/framgia-user/.rvm/gems/ruby-2.0.0-p353/specifications/json-1.8.1.gemspec
I, [2014-01-10T16:11:11.137365 #22623]  INFO -- : 0:  rdoc (3.12.2) from /home/framgia-user/.rvm/gems/ruby-2.0.0-p353/specifications/rdoc-3.12.2.gemspec
I, [2014-01-10T16:11:11.137643 #22623]  INFO -- : 0:  rspec-core (2.14.7) from /home/framgia-user/.rvm/gems/ruby-2.0.0-p353/specifications/rspec-core-2.14.7.gemspec
I, [2014-01-10T16:11:11.137924 #22623]  INFO -- : 0:  rspec-expectations (2.14.4) from /home/framgia-user/.rvm/gems/ruby-2.0.0-p353/specifications/rspec-expectations-2.14.4.gemspec
I, [2014-01-10T16:11:11.138196 #22623]  INFO -- : 0:  rspec-mocks (2.14.4) from /home/framgia-user/.rvm/gems/ruby-2.0.0-p353/specifications/rspec-mocks-2.14.4.gemspec
I, [2014-01-10T16:11:11.138465 #22623]  INFO -- : 0:  rspec-rails (2.14.1) from /home/framgia-user/.rvm/gems/ruby-2.0.0-p353/specifications/rspec-rails-2.14.1.gemspec
I, [2014-01-10T16:11:11.138734 #22623]  INFO -- : 0:  rubyzip (0.9.9) from /home/framgia-user/.rvm/gems/ruby-2.0.0-p353/specifications/rubyzip-0.9.9.gemspec
I, [2014-01-10T16:11:11.139050 #22623]  INFO -- : 0:  sass-rails (4.0.1) from /home/framgia-user/.rvm/gems/ruby-2.0.0-p353/specifications/sass-rails-4.0.1.gemspec
I, [2014-01-10T16:11:11.139320 #22623]  INFO -- : 0:  sdoc (0.3.20) from /home/framgia-user/.rvm/gems/ruby-2.0.0-p353/specifications/sdoc-0.3.20.gemspec
I, [2014-01-10T16:11:11.139589 #22623]  INFO -- : 0:  websocket (1.0.7) from /home/framgia-user/.rvm/gems/ruby-2.0.0-p353/specifications/websocket-1.0.7.gemspec
I, [2014-01-10T16:11:11.139859 #22623]  INFO -- : 0:  selenium-webdriver (2.35.1) from /home/framgia-user/.rvm/gems/ruby-2.0.0-p353/specifications/selenium-webdriver-2.35.1.gemspec
I, [2014-01-10T16:11:11.140126 #22623]  INFO -- : 0:  sqlite3 (1.3.8) from /home/framgia-user/.rvm/gems/ruby-2.0.0-p353/specifications/sqlite3-1.3.8.gemspec
I, [2014-01-10T16:11:11.140405 #22623]  INFO -- : 0:  turbolinks (1.1.1) from /home/framgia-user/.rvm/gems/ruby-2.0.0-p353/specifications/turbolinks-1.1.1.gemspec
I, [2014-01-10T16:11:11.140683 #22623]  INFO -- : 0:  uglifier (2.1.1) from /home/framgia-user/.rvm/gems/ruby-2.0.0-p353/specifications/uglifier-2.1.1.gemspec
I, [2014-01-17T10:12:42.642348 #5916]  INFO -- : 0:  rake (10.1.1) from /home/framgia-user/.rvm/gems/ruby-2.0.0-p353/specifications/rake-10.1.1.gemspec
I, [2014-01-17T10:12:42.668956 #5916]  INFO -- : 0:  i18n (0.6.9) from /home/framgia-user/.rvm/gems/ruby-2.0.0-p353/specifications/i18n-0.6.9.gemspec
I, [2014-01-17T10:12:42.669528 #5916]  INFO -- : 0:  minitest (4.7.5) from /home/framgia-user/.rvm/gems/ruby-2.0.0-p353/specifications/minitest-4.7.5.gemspec
I, [2014-01-17T10:12:42.670030 #5916]  INFO -- : 0:  multi_json (1.8.4) from /home/framgia-user/.rvm/gems/ruby-2.0.0-p353/specifications/multi_json-1.8.4.gemspec
I, [2014-01-17T10:12:42.670507 #5916]  INFO -- : 0:  atomic (1.1.14) from /home/framgia-user/.rvm/gems/ruby-2.0.0-p353/specifications/atomic-1.1.14.gemspec
I, [2014-01-17T10:12:42.670981 #5916]  INFO -- : 0:  thread_safe (0.1.3) from /home/framgia-user/.rvm/gems/ruby-2.0.0-p353/specifications/thread_safe-0.1.3.gemspec
I, [2014-01-17T10:12:42.671565 #5916]  INFO -- : 0:  tzinfo (0.3.38) from /home/framgia-user/.rvm/gems/ruby-2.0.0-p353/specifications/tzinfo-0.3.38.gemspec
I, [2014-01-17T10:12:42.672094 #5916]  INFO -- : 0:  activesupport (4.0.1) from /home/framgia-user/.rvm/gems/ruby-2.0.0-p353/specifications/activesupport-4.0.1.gemspec
I, [2014-01-17T10:12:42.672690 #5916]  INFO -- : 0:  builder (3.1.4) from /home/framgia-user/.rvm/gems/ruby-2.0.0-p353/specifications/builder-3.1.4.gemspec
I, [2014-01-17T10:12:42.673254 #5916]  INFO -- : 0:  erubis (2.7.0) from /home/framgia-user/.rvm/gems/ruby-2.0.0-p353/specifications/erubis-2.7.0.gemspec
I, [2014-01-17T10:12:42.673805 #5916]  INFO -- : 0:  rack (1.5.2) from /home/framgia-user/.rvm/gems/ruby-2.0.0-p353/specifications/rack-1.5.2.gemspec
I, [2014-01-17T10:12:42.674344 #5916]  INFO -- : 0:  rack-test (0.6.2) from /home/framgia-user/.rvm/gems/ruby-2.0.0-p353/specifications/rack-test-0.6.2.gemspec
I, [2014-01-17T10:12:42.674928 #5916]  INFO -- : 0:  actionpack (4.0.1) from /home/framgia-user/.rvm/gems/ruby-2.0.0-p353/specifications/actionpack-4.0.1.gemspec
I, [2014-01-17T10:12:42.675569 #5916]  INFO -- : 0:  mime-types (1.25.1) from /home/framgia-user/.rvm/gems/ruby-2.0.0-p353/specifications/mime-types-1.25.1.gemspec
I, [2014-01-17T10:12:42.676112 #5916]  INFO -- : 0:  polyglot (0.3.3) from /home/framgia-user/.rvm/gems/ruby-2.0.0-p353/specifications/polyglot-0.3.3.gemspec
I, [2014-01-17T10:12:42.676661 #5916]  INFO -- : 0:  treetop (1.4.15) from /home/framgia-user/.rvm/gems/ruby-2.0.0-p353/specifications/treetop-1.4.15.gemspec
I, [2014-01-17T10:12:42.677192 #5916]  INFO -- : 0:  mail (2.5.4) from /home/framgia-user/.rvm/gems/ruby-2.0.0-p353/specifications/mail-2.5.4.gemspec
I, [2014-01-17T10:12:42.677736 #5916]  INFO -- : 0:  actionmailer (4.0.1) from /home/framgia-user/.rvm/gems/ruby-2.0.0-p353/specifications/actionmailer-4.0.1.gemspec
I, [2014-01-17T10:12:42.678297 #5916]  INFO -- : 0:  activemodel (4.0.1) from /home/framgia-user/.rvm/gems/ruby-2.0.0-p353/specifications/activemodel-4.0.1.gemspec
I, [2014-01-17T10:12:42.678817 #5916]  INFO -- : 0:  activerecord-deprecated_finders (1.0.3) from /home/framgia-user/.rvm/gems/ruby-2.0.0-p353/specifications/activerecord-deprecated_finders-1.0.3.gemspec
I, [2014-01-17T10:12:42.679354 #5916]  INFO -- : 0:  arel (4.0.1) from /home/framgia-user/.rvm/gems/ruby-2.0.0-p353/specifications/arel-4.0.1.gemspec
I, [2014-01-17T10:12:42.679890 #5916]  INFO -- : 0:  activerecord (4.0.1) from /home/framgia-user/.rvm/gems/ruby-2.0.0-p353/specifications/activerecord-4.0.1.gemspec
I, [2014-01-17T10:12:42.680429 #5916]  INFO -- : 0:  bcrypt-ruby (3.1.2) from /home/framgia-user/.rvm/gems/ruby-2.0.0-p353/specifications/bcrypt-ruby-3.1.2.gemspec
I, [2014-01-17T10:12:42.680727 #5916]  INFO -- : 0:  sass (3.2.13) from /home/framgia-user/.rvm/gems/ruby-2.0.0-p353/specifications/sass-3.2.13.gemspec
I, [2014-01-17T10:12:42.681024 #5916]  INFO -- : 0:  bootstrap-sass (2.3.2.0) from /home/framgia-user/.rvm/gems/ruby-2.0.0-p353/specifications/bootstrap-sass-2.3.2.0.gemspec
I, [2014-01-17T10:12:42.681326 #5916]  INFO -- : 0:  will_paginate (3.0.4) from /home/framgia-user/.rvm/gems/ruby-2.0.0-p353/specifications/will_paginate-3.0.4.gemspec
I, [2014-01-17T10:12:42.681623 #5916]  INFO -- : 0:  bootstrap-will_paginate (0.0.9) from /home/framgia-user/.rvm/gems/ruby-2.0.0-p353/specifications/bootstrap-will_paginate-0.0.9.gemspec
I, [2014-01-17T10:12:42.681910 #5916]  INFO -- : 0:  bundler (1.5.1) from /home/framgia-user/.rvm/gems/ruby-2.0.0-p353/specifications/bundler-1.5.1.gemspec
I, [2014-01-17T10:12:42.682201 #5916]  INFO -- : 0:  coderay (1.1.0) from /home/framgia-user/.rvm/gems/ruby-2.0.0-p353/specifications/coderay-1.1.0.gemspec
I, [2014-01-17T10:12:42.682492 #5916]  INFO -- : 0:  coffee-script-source (1.6.3) from /home/framgia-user/.rvm/gems/ruby-2.0.0-p353/specifications/coffee-script-source-1.6.3.gemspec
I, [2014-01-17T10:12:42.682782 #5916]  INFO -- : 0:  execjs (2.0.2) from /home/framgia-user/.rvm/gems/ruby-2.0.0-p353/specifications/execjs-2.0.2.gemspec
I, [2014-01-17T10:12:42.683076 #5916]  INFO -- : 0:  coffee-script (2.2.0) from /home/framgia-user/.rvm/gems/ruby-2.0.0-p353/specifications/coffee-script-2.2.0.gemspec
I, [2014-01-17T10:12:42.683366 #5916]  INFO -- : 0:  thor (0.18.1) from /home/framgia-user/.rvm/gems/ruby-2.0.0-p353/specifications/thor-0.18.1.gemspec
I, [2014-01-17T10:12:42.683693 #5916]  INFO -- : 0:  railties (4.0.1) from /home/framgia-user/.rvm/gems/ruby-2.0.0-p353/specifications/railties-4.0.1.gemspec
I, [2014-01-17T10:12:42.683983 #5916]  INFO -- : 0:  coffee-rails (4.0.1) from /home/framgia-user/.rvm/gems/ruby-2.0.0-p353/specifications/coffee-rails-4.0.1.gemspec
I, [2014-01-17T10:12:42.684280 #5916]  INFO -- : 0:  columnize (0.3.6) from /home/framgia-user/.rvm/gems/ruby-2.0.0-p353/specifications/columnize-0.3.6.gemspec
I, [2014-01-17T10:12:42.684595 #5916]  INFO -- : 0:  debugger-linecache (1.2.0) from /home/framgia-user/.rvm/gems/ruby-2.0.0-p353/specifications/debugger-linecache-1.2.0.gemspec
I, [2014-01-17T10:12:42.684892 #5916]  INFO -- : 0:  debugger-ruby_core_source (1.3.1) from /home/framgia-user/.rvm/gems/ruby-2.0.0-p353/specifications/debugger-ruby_core_source-1.3.1.gemspec
I, [2014-01-17T10:12:42.685188 #5916]  INFO -- : 0:  debugger (1.6.5) from /home/framgia-user/.rvm/gems/ruby-2.0.0-p353/specifications/debugger-1.6.5.gemspec
I, [2014-01-17T10:12:42.685510 #5916]  INFO -- : 0:  hike (1.2.3) from /home/framgia-user/.rvm/gems/ruby-2.0.0-p353/specifications/hike-1.2.3.gemspec
I, [2014-01-17T10:12:42.685844 #5916]  INFO -- : 0:  tilt (1.4.1) from /home/framgia-user/.rvm/gems/ruby-2.0.0-p353/specifications/tilt-1.4.1.gemspec
I, [2014-01-17T10:12:42.686144 #5916]  INFO -- : 0:  sprockets (2.10.1) from /home/framgia-user/.rvm/gems/ruby-2.0.0-p353/specifications/sprockets-2.10.1.gemspec
I, [2014-01-17T10:12:42.686434 #5916]  INFO -- : 0:  sprockets-rails (2.0.1) from /home/framgia-user/.rvm/gems/ruby-2.0.0-p353/specifications/sprockets-rails-2.0.1.gemspec
I, [2014-01-17T10:12:42.686727 #5916]  INFO -- : 0:  sass-rails (4.0.1) from /home/framgia-user/.rvm/gems/ruby-2.0.0-p353/specifications/sass-rails-4.0.1.gemspec
I, [2014-01-17T10:12:42.687018 #5916]  INFO -- : 0:  font-awesome-sass (4.0.2) from /home/framgia-user/.rvm/gems/ruby-2.0.0-p353/specifications/font-awesome-sass-4.0.2.gemspec
I, [2014-01-17T10:12:42.687317 #5916]  INFO -- : 0:  jbuilder (1.5.3) from /home/framgia-user/.rvm/gems/ruby-2.0.0-p353/specifications/jbuilder-1.5.3.gemspec
I, [2014-01-17T10:12:42.687606 #5916]  INFO -- : 0:  jquery-rails (3.0.4) from /home/framgia-user/.rvm/gems/ruby-2.0.0-p353/specifications/jquery-rails-3.0.4.gemspec
I, [2014-01-17T10:12:42.687904 #5916]  INFO -- : 0:  json (1.8.1) from /home/framgia-user/.rvm/gems/ruby-2.0.0-p353/specifications/json-1.8.1.gemspec
I, [2014-01-17T10:12:42.688194 #5916]  INFO -- : 0:  method_source (0.8.2) from /home/framgia-user/.rvm/gems/ruby-2.0.0-p353/specifications/method_source-0.8.2.gemspec
I, [2014-01-17T10:12:42.688512 #5916]  INFO -- : 0:  mini_portile (0.5.2) from /home/framgia-user/.rvm/gems/ruby-2.0.0-p353/specifications/mini_portile-0.5.2.gemspec
I, [2014-01-17T10:12:42.688798 #5916]  INFO -- : 0:  mysql2 (0.3.14) from /home/framgia-user/.rvm/gems/ruby-2.0.0-p353/specifications/mysql2-0.3.14.gemspec
I, [2014-01-17T10:12:42.689082 #5916]  INFO -- : 0:  nokogiri (1.6.1) from /home/framgia-user/.rvm/gems/ruby-2.0.0-p353/specifications/nokogiri-1.6.1.gemspec
I, [2014-01-17T10:12:42.689369 #5916]  INFO -- : 0:  slop (3.4.7) from /home/framgia-user/.rvm/gems/ruby-2.0.0-p353/specifications/slop-3.4.7.gemspec
I, [2014-01-17T10:12:42.689748 #5916]  INFO -- : 0:  pry (0.9.12.4) from /home/framgia-user/.rvm/gems/ruby-2.0.0-p353/specifications/pry-0.9.12.4.gemspec
I, [2014-01-17T10:12:42.690095 #5916]  INFO -- : 0:  pry-debugger (0.2.2) from /home/framgia-user/.rvm/gems/ruby-2.0.0-p353/specifications/pry-debugger-0.2.2.gemspec
I, [2014-01-17T10:12:42.690402 #5916]  INFO -- : 0:  rails (4.0.1) from /home/framgia-user/.rvm/gems/ruby-2.0.0-p353/specifications/rails-4.0.1.gemspec
I, [2014-01-17T10:12:42.690714 #5916]  INFO -- : 0:  rdoc (4.1.1) from /home/framgia-user/.rvm/gems/ruby-2.0.0-p353/specifications/rdoc-4.1.1.gemspec
I, [2014-01-17T10:12:42.691017 #5916]  INFO -- : 0:  rubyzip (1.1.0) from /home/framgia-user/.rvm/gems/ruby-2.0.0-p353/specifications/rubyzip-1.1.0.gemspec
I, [2014-01-17T10:12:42.691314 #5916]  INFO -- : 0:  ruby-ole (1.2.11.7) from /home/framgia-user/.rvm/gems/ruby-2.0.0-p353/specifications/ruby-ole-1.2.11.7.gemspec
I, [2014-01-17T10:12:42.691634 #5916]  INFO -- : 0:  spreadsheet (0.9.6) from /home/framgia-user/.rvm/gems/ruby-2.0.0-p353/specifications/spreadsheet-0.9.6.gemspec
I, [2014-01-17T10:12:42.691929 #5916]  INFO -- : 0:  roo (1.13.2) from /home/framgia-user/.rvm/gems/ruby-2.0.0-p353/specifications/roo-1.13.2.gemspec
I, [2014-01-17T10:12:42.692232 #5916]  INFO -- : 0:  sdoc (0.4.0) from /home/framgia-user/.rvm/gems/ruby-2.0.0-p353/specifications/sdoc-0.4.0.gemspec
I, [2014-01-17T10:12:42.692603 #5916]  INFO -- : 0:  turbolinks (2.2.0) from /home/framgia-user/.rvm/gems/ruby-2.0.0-p353/specifications/turbolinks-2.2.0.gemspec
I, [2014-01-17T10:12:42.692956 #5916]  INFO -- : 0:  uglifier (2.4.0) from /home/framgia-user/.rvm/gems/ruby-2.0.0-p353/specifications/uglifier-2.4.0.gemspec
I, [2014-01-17T10:12:49.425349 #5919]  INFO -- : 0:  rake (10.1.1) from /home/framgia-user/.rvm/gems/ruby-2.0.0-p353/specifications/rake-10.1.1.gemspec
I, [2014-01-17T10:12:49.425819 #5919]  INFO -- : 0:  i18n (0.6.9) from /home/framgia-user/.rvm/gems/ruby-2.0.0-p353/specifications/i18n-0.6.9.gemspec
I, [2014-01-17T10:12:49.426148 #5919]  INFO -- : 0:  minitest (4.7.5) from /home/framgia-user/.rvm/gems/ruby-2.0.0-p353/specifications/minitest-4.7.5.gemspec
I, [2014-01-17T10:12:49.426457 #5919]  INFO -- : 0:  multi_json (1.8.4) from /home/framgia-user/.rvm/gems/ruby-2.0.0-p353/specifications/multi_json-1.8.4.gemspec
I, [2014-01-17T10:12:49.426738 #5919]  INFO -- : 0:  atomic (1.1.14) from /home/framgia-user/.rvm/gems/ruby-2.0.0-p353/specifications/atomic-1.1.14.gemspec
I, [2014-01-17T10:12:49.427039 #5919]  INFO -- : 0:  thread_safe (0.1.3) from /home/framgia-user/.rvm/gems/ruby-2.0.0-p353/specifications/thread_safe-0.1.3.gemspec
I, [2014-01-17T10:12:49.427330 #5919]  INFO -- : 0:  tzinfo (0.3.38) from /home/framgia-user/.rvm/gems/ruby-2.0.0-p353/specifications/tzinfo-0.3.38.gemspec
I, [2014-01-17T10:12:49.427629 #5919]  INFO -- : 0:  activesupport (4.0.1) from /home/framgia-user/.rvm/gems/ruby-2.0.0-p353/specifications/activesupport-4.0.1.gemspec
I, [2014-01-17T10:12:49.427924 #5919]  INFO -- : 0:  builder (3.1.4) from /home/framgia-user/.rvm/gems/ruby-2.0.0-p353/specifications/builder-3.1.4.gemspec
I, [2014-01-17T10:12:49.428222 #5919]  INFO -- : 0:  erubis (2.7.0) from /home/framgia-user/.rvm/gems/ruby-2.0.0-p353/specifications/erubis-2.7.0.gemspec
I, [2014-01-17T10:12:49.428508 #5919]  INFO -- : 0:  rack (1.5.2) from /home/framgia-user/.rvm/gems/ruby-2.0.0-p353/specifications/rack-1.5.2.gemspec
I, [2014-01-17T10:12:49.428799 #5919]  INFO -- : 0:  rack-test (0.6.2) from /home/framgia-user/.rvm/gems/ruby-2.0.0-p353/specifications/rack-test-0.6.2.gemspec
I, [2014-01-17T10:12:49.429084 #5919]  INFO -- : 0:  actionpack (4.0.1) from /home/framgia-user/.rvm/gems/ruby-2.0.0-p353/specifications/actionpack-4.0.1.gemspec
I, [2014-01-17T10:12:49.429368 #5919]  INFO -- : 0:  mime-types (1.25.1) from /home/framgia-user/.rvm/gems/ruby-2.0.0-p353/specifications/mime-types-1.25.1.gemspec
I, [2014-01-17T10:12:49.429649 #5919]  INFO -- : 0:  polyglot (0.3.3) from /home/framgia-user/.rvm/gems/ruby-2.0.0-p353/specifications/polyglot-0.3.3.gemspec
I, [2014-01-17T10:12:49.429914 #5919]  INFO -- : 0:  treetop (1.4.15) from /home/framgia-user/.rvm/gems/ruby-2.0.0-p353/specifications/treetop-1.4.15.gemspec
I, [2014-01-17T10:12:49.430188 #5919]  INFO -- : 0:  mail (2.5.4) from /home/framgia-user/.rvm/gems/ruby-2.0.0-p353/specifications/mail-2.5.4.gemspec
I, [2014-01-17T10:12:49.430472 #5919]  INFO -- : 0:  actionmailer (4.0.1) from /home/framgia-user/.rvm/gems/ruby-2.0.0-p353/specifications/actionmailer-4.0.1.gemspec
I, [2014-01-17T10:12:49.430754 #5919]  INFO -- : 0:  activemodel (4.0.1) from /home/framgia-user/.rvm/gems/ruby-2.0.0-p353/specifications/activemodel-4.0.1.gemspec
I, [2014-01-17T10:12:49.431030 #5919]  INFO -- : 0:  activerecord-deprecated_finders (1.0.3) from /home/framgia-user/.rvm/gems/ruby-2.0.0-p353/specifications/activerecord-deprecated_finders-1.0.3.gemspec
I, [2014-01-17T10:12:49.431320 #5919]  INFO -- : 0:  arel (4.0.1) from /home/framgia-user/.rvm/gems/ruby-2.0.0-p353/specifications/arel-4.0.1.gemspec
I, [2014-01-17T10:12:49.431595 #5919]  INFO -- : 0:  activerecord (4.0.1) from /home/framgia-user/.rvm/gems/ruby-2.0.0-p353/specifications/activerecord-4.0.1.gemspec
I, [2014-01-17T10:12:49.431874 #5919]  INFO -- : 0:  bcrypt-ruby (3.1.2) from /home/framgia-user/.rvm/gems/ruby-2.0.0-p353/specifications/bcrypt-ruby-3.1.2.gemspec
I, [2014-01-17T10:12:49.432153 #5919]  INFO -- : 0:  sass (3.2.13) from /home/framgia-user/.rvm/gems/ruby-2.0.0-p353/specifications/sass-3.2.13.gemspec
I, [2014-01-17T10:12:49.432476 #5919]  INFO -- : 0:  bootstrap-sass (2.3.2.0) from /home/framgia-user/.rvm/gems/ruby-2.0.0-p353/specifications/bootstrap-sass-2.3.2.0.gemspec
I, [2014-01-17T10:12:49.432756 #5919]  INFO -- : 0:  will_paginate (3.0.4) from /home/framgia-user/.rvm/gems/ruby-2.0.0-p353/specifications/will_paginate-3.0.4.gemspec
I, [2014-01-17T10:12:49.433044 #5919]  INFO -- : 0:  bootstrap-will_paginate (0.0.9) from /home/framgia-user/.rvm/gems/ruby-2.0.0-p353/specifications/bootstrap-will_paginate-0.0.9.gemspec
I, [2014-01-17T10:12:49.433308 #5919]  INFO -- : 0:  coderay (1.1.0) from /home/framgia-user/.rvm/gems/ruby-2.0.0-p353/specifications/coderay-1.1.0.gemspec
I, [2014-01-17T10:12:49.433583 #5919]  INFO -- : 0:  coffee-script-source (1.6.3) from /home/framgia-user/.rvm/gems/ruby-2.0.0-p353/specifications/coffee-script-source-1.6.3.gemspec
I, [2014-01-17T10:12:49.433859 #5919]  INFO -- : 0:  execjs (2.0.2) from /home/framgia-user/.rvm/gems/ruby-2.0.0-p353/specifications/execjs-2.0.2.gemspec
I, [2014-01-17T10:12:49.434139 #5919]  INFO -- : 0:  coffee-script (2.2.0) from /home/framgia-user/.rvm/gems/ruby-2.0.0-p353/specifications/coffee-script-2.2.0.gemspec
I, [2014-01-17T10:12:49.434424 #5919]  INFO -- : 0:  thor (0.18.1) from /home/framgia-user/.rvm/gems/ruby-2.0.0-p353/specifications/thor-0.18.1.gemspec
I, [2014-01-17T10:12:49.434731 #5919]  INFO -- : 0:  railties (4.0.1) from /home/framgia-user/.rvm/gems/ruby-2.0.0-p353/specifications/railties-4.0.1.gemspec
I, [2014-01-17T10:12:49.435271 #5919]  INFO -- : 0:  coffee-rails (4.0.1) from /home/framgia-user/.rvm/gems/ruby-2.0.0-p353/specifications/coffee-rails-4.0.1.gemspec
I, [2014-01-17T10:12:49.435711 #5919]  INFO -- : 0:  columnize (0.3.6) from /home/framgia-user/.rvm/gems/ruby-2.0.0-p353/specifications/columnize-0.3.6.gemspec
I, [2014-01-17T10:12:49.436007 #5919]  INFO -- : 0:  debugger-linecache (1.2.0) from /home/framgia-user/.rvm/gems/ruby-2.0.0-p353/specifications/debugger-linecache-1.2.0.gemspec
I, [2014-01-17T10:12:49.436313 #5919]  INFO -- : 0:  debugger-ruby_core_source (1.3.1) from /home/framgia-user/.rvm/gems/ruby-2.0.0-p353/specifications/debugger-ruby_core_source-1.3.1.gemspec
I, [2014-01-17T10:12:49.436634 #5919]  INFO -- : 0:  debugger (1.6.5) from /home/framgia-user/.rvm/gems/ruby-2.0.0-p353/specifications/debugger-1.6.5.gemspec
I, [2014-01-17T10:12:49.436912 #5919]  INFO -- : 0:  hike (1.2.3) from /home/framgia-user/.rvm/gems/ruby-2.0.0-p353/specifications/hike-1.2.3.gemspec
I, [2014-01-17T10:12:49.437226 #5919]  INFO -- : 0:  tilt (1.4.1) from /home/framgia-user/.rvm/gems/ruby-2.0.0-p353/specifications/tilt-1.4.1.gemspec
I, [2014-01-17T10:12:49.437537 #5919]  INFO -- : 0:  sprockets (2.10.1) from /home/framgia-user/.rvm/gems/ruby-2.0.0-p353/specifications/sprockets-2.10.1.gemspec
I, [2014-01-17T10:12:49.437823 #5919]  INFO -- : 0:  sprockets-rails (2.0.1) from /home/framgia-user/.rvm/gems/ruby-2.0.0-p353/specifications/sprockets-rails-2.0.1.gemspec
I, [2014-01-17T10:12:49.438095 #5919]  INFO -- : 0:  sass-rails (4.0.1) from /home/framgia-user/.rvm/gems/ruby-2.0.0-p353/specifications/sass-rails-4.0.1.gemspec
I, [2014-01-17T10:12:49.438361 #5919]  INFO -- : 0:  font-awesome-sass (4.0.2) from /home/framgia-user/.rvm/gems/ruby-2.0.0-p353/specifications/font-awesome-sass-4.0.2.gemspec
I, [2014-01-17T10:12:49.438652 #5919]  INFO -- : 0:  jbuilder (1.5.3) from /home/framgia-user/.rvm/gems/ruby-2.0.0-p353/specifications/jbuilder-1.5.3.gemspec
I, [2014-01-17T10:12:49.438932 #5919]  INFO -- : 0:  jquery-rails (3.0.4) from /home/framgia-user/.rvm/gems/ruby-2.0.0-p353/specifications/jquery-rails-3.0.4.gemspec
I, [2014-01-17T10:12:49.439214 #5919]  INFO -- : 0:  json (1.8.1) from /home/framgia-user/.rvm/gems/ruby-2.0.0-p353/specifications/json-1.8.1.gemspec
I, [2014-01-17T10:12:49.439491 #5919]  INFO -- : 0:  method_source (0.8.2) from /home/framgia-user/.rvm/gems/ruby-2.0.0-p353/specifications/method_source-0.8.2.gemspec
I, [2014-01-17T10:12:49.439766 #5919]  INFO -- : 0:  mini_portile (0.5.2) from /home/framgia-user/.rvm/gems/ruby-2.0.0-p353/specifications/mini_portile-0.5.2.gemspec
I, [2014-01-17T10:12:49.440025 #5919]  INFO -- : 0:  mysql2 (0.3.14) from /home/framgia-user/.rvm/gems/ruby-2.0.0-p353/specifications/mysql2-0.3.14.gemspec
I, [2014-01-17T10:12:49.440343 #5919]  INFO -- : 0:  nokogiri (1.6.1) from /home/framgia-user/.rvm/gems/ruby-2.0.0-p353/specifications/nokogiri-1.6.1.gemspec
I, [2014-01-17T10:12:49.440631 #5919]  INFO -- : 0:  slop (3.4.7) from /home/framgia-user/.rvm/gems/ruby-2.0.0-p353/specifications/slop-3.4.7.gemspec
I, [2014-01-17T10:12:49.440908 #5919]  INFO -- : 0:  pry (0.9.12.4) from /home/framgia-user/.rvm/gems/ruby-2.0.0-p353/specifications/pry-0.9.12.4.gemspec
I, [2014-01-17T10:12:49.441182 #5919]  INFO -- : 0:  pry-debugger (0.2.2) from /home/framgia-user/.rvm/gems/ruby-2.0.0-p353/specifications/pry-debugger-0.2.2.gemspec
I, [2014-01-17T10:12:49.441454 #5919]  INFO -- : 0:  bundler (1.5.1) from /home/framgia-user/.rvm/gems/ruby-2.0.0-p353/specifications/bundler-1.5.1.gemspec
I, [2014-01-17T10:12:49.441733 #5919]  INFO -- : 0:  rails (4.0.1) from /home/framgia-user/.rvm/gems/ruby-2.0.0-p353/specifications/rails-4.0.1.gemspec
I, [2014-01-17T10:12:49.442020 #5919]  INFO -- : 0:  rdoc (4.1.1) from /home/framgia-user/.rvm/gems/ruby-2.0.0-p353/specifications/rdoc-4.1.1.gemspec
I, [2014-01-17T10:12:49.442318 #5919]  INFO -- : 0:  rubyzip (1.1.0) from /home/framgia-user/.rvm/gems/ruby-2.0.0-p353/specifications/rubyzip-1.1.0.gemspec
I, [2014-01-17T10:12:49.442602 #5919]  INFO -- : 0:  ruby-ole (1.2.11.7) from /home/framgia-user/.rvm/gems/ruby-2.0.0-p353/specifications/ruby-ole-1.2.11.7.gemspec
I, [2014-01-17T10:12:49.442890 #5919]  INFO -- : 0:  spreadsheet (0.9.6) from /home/framgia-user/.rvm/gems/ruby-2.0.0-p353/specifications/spreadsheet-0.9.6.gemspec
I, [2014-01-17T10:12:49.443151 #5919]  INFO -- : 0:  roo (1.13.2) from /home/framgia-user/.rvm/gems/ruby-2.0.0-p353/specifications/roo-1.13.2.gemspec
I, [2014-01-17T10:12:49.443430 #5919]  INFO -- : 0:  sdoc (0.4.0) from /home/framgia-user/.rvm/gems/ruby-2.0.0-p353/specifications/sdoc-0.4.0.gemspec
I, [2014-01-17T10:12:49.443725 #5919]  INFO -- : 0:  turbolinks (2.2.0) from /home/framgia-user/.rvm/gems/ruby-2.0.0-p353/specifications/turbolinks-2.2.0.gemspec
I, [2014-01-17T10:12:49.444016 #5919]  INFO -- : 0:  uglifier (2.4.0) from /home/framgia-user/.rvm/gems/ruby-2.0.0-p353/specifications/uglifier-2.4.0.gemspec
I, [2014-01-17T12:29:28.617234 #2884]  INFO -- : 0:  rake (10.1.1) from /home/framgia-user/.rvm/gems/ruby-2.0.0-p353/specifications/rake-10.1.1.gemspec
I, [2014-01-17T12:29:28.683624 #2884]  INFO -- : 0:  i18n (0.6.9) from /home/framgia-user/.rvm/gems/ruby-2.0.0-p353/specifications/i18n-0.6.9.gemspec
I, [2014-01-17T12:29:28.684510 #2884]  INFO -- : 0:  minitest (4.7.5) from /home/framgia-user/.rvm/gems/ruby-2.0.0-p353/specifications/minitest-4.7.5.gemspec
I, [2014-01-17T12:29:28.685075 #2884]  INFO -- : 0:  multi_json (1.8.4) from /home/framgia-user/.rvm/gems/ruby-2.0.0-p353/specifications/multi_json-1.8.4.gemspec
I, [2014-01-17T12:29:28.685631 #2884]  INFO -- : 0:  atomic (1.1.14) from /home/framgia-user/.rvm/gems/ruby-2.0.0-p353/specifications/atomic-1.1.14.gemspec
I, [2014-01-17T12:29:28.686483 #2884]  INFO -- : 0:  thread_safe (0.1.3) from /home/framgia-user/.rvm/gems/ruby-2.0.0-p353/specifications/thread_safe-0.1.3.gemspec
I, [2014-01-17T12:29:28.687399 #2884]  INFO -- : 0:  tzinfo (0.3.38) from /home/framgia-user/.rvm/gems/ruby-2.0.0-p353/specifications/tzinfo-0.3.38.gemspec
I, [2014-01-17T12:29:28.688313 #2884]  INFO -- : 0:  activesupport (4.0.1) from /home/framgia-user/.rvm/gems/ruby-2.0.0-p353/specifications/activesupport-4.0.1.gemspec
I, [2014-01-17T12:29:28.689205 #2884]  INFO -- : 0:  builder (3.1.4) from /home/framgia-user/.rvm/gems/ruby-2.0.0-p353/specifications/builder-3.1.4.gemspec
I, [2014-01-17T12:29:28.690077 #2884]  INFO -- : 0:  erubis (2.7.0) from /home/framgia-user/.rvm/gems/ruby-2.0.0-p353/specifications/erubis-2.7.0.gemspec
I, [2014-01-17T12:29:28.690950 #2884]  INFO -- : 0:  rack (1.5.2) from /home/framgia-user/.rvm/gems/ruby-2.0.0-p353/specifications/rack-1.5.2.gemspec
I, [2014-01-17T12:29:28.691853 #2884]  INFO -- : 0:  rack-test (0.6.2) from /home/framgia-user/.rvm/gems/ruby-2.0.0-p353/specifications/rack-test-0.6.2.gemspec
I, [2014-01-17T12:29:28.692745 #2884]  INFO -- : 0:  actionpack (4.0.1) from /home/framgia-user/.rvm/gems/ruby-2.0.0-p353/specifications/actionpack-4.0.1.gemspec
I, [2014-01-17T12:29:28.693641 #2884]  INFO -- : 0:  mime-types (1.25.1) from /home/framgia-user/.rvm/gems/ruby-2.0.0-p353/specifications/mime-types-1.25.1.gemspec
I, [2014-01-17T12:29:28.694233 #2884]  INFO -- : 0:  polyglot (0.3.3) from /home/framgia-user/.rvm/gems/ruby-2.0.0-p353/specifications/polyglot-0.3.3.gemspec
I, [2014-01-17T12:29:28.694545 #2884]  INFO -- : 0:  treetop (1.4.15) from /home/framgia-user/.rvm/gems/ruby-2.0.0-p353/specifications/treetop-1.4.15.gemspec
I, [2014-01-17T12:29:28.694859 #2884]  INFO -- : 0:  mail (2.5.4) from /home/framgia-user/.rvm/gems/ruby-2.0.0-p353/specifications/mail-2.5.4.gemspec
I, [2014-01-17T12:29:28.695192 #2884]  INFO -- : 0:  actionmailer (4.0.1) from /home/framgia-user/.rvm/gems/ruby-2.0.0-p353/specifications/actionmailer-4.0.1.gemspec
I, [2014-01-17T12:29:28.695485 #2884]  INFO -- : 0:  activemodel (4.0.1) from /home/framgia-user/.rvm/gems/ruby-2.0.0-p353/specifications/activemodel-4.0.1.gemspec
I, [2014-01-17T12:29:28.695787 #2884]  INFO -- : 0:  activerecord-deprecated_finders (1.0.3) from /home/framgia-user/.rvm/gems/ruby-2.0.0-p353/specifications/activerecord-deprecated_finders-1.0.3.gemspec
I, [2014-01-17T12:29:28.696065 #2884]  INFO -- : 0:  arel (4.0.1) from /home/framgia-user/.rvm/gems/ruby-2.0.0-p353/specifications/arel-4.0.1.gemspec
I, [2014-01-17T12:29:28.696352 #2884]  INFO -- : 0:  activerecord (4.0.1) from /home/framgia-user/.rvm/gems/ruby-2.0.0-p353/specifications/activerecord-4.0.1.gemspec
I, [2014-01-17T12:29:28.696645 #2884]  INFO -- : 0:  bcrypt-ruby (3.1.2) from /home/framgia-user/.rvm/gems/ruby-2.0.0-p353/specifications/bcrypt-ruby-3.1.2.gemspec
I, [2014-01-17T12:29:28.696956 #2884]  INFO -- : 0:  sass (3.2.13) from /home/framgia-user/.rvm/gems/ruby-2.0.0-p353/specifications/sass-3.2.13.gemspec
I, [2014-01-17T12:29:28.697252 #2884]  INFO -- : 0:  bootstrap-sass (2.3.2.0) from /home/framgia-user/.rvm/gems/ruby-2.0.0-p353/specifications/bootstrap-sass-2.3.2.0.gemspec
I, [2014-01-17T12:29:28.697539 #2884]  INFO -- : 0:  will_paginate (3.0.4) from /home/framgia-user/.rvm/gems/ruby-2.0.0-p353/specifications/will_paginate-3.0.4.gemspec
I, [2014-01-17T12:29:28.697817 #2884]  INFO -- : 0:  bootstrap-will_paginate (0.0.9) from /home/framgia-user/.rvm/gems/ruby-2.0.0-p353/specifications/bootstrap-will_paginate-0.0.9.gemspec
I, [2014-01-17T12:29:28.698115 #2884]  INFO -- : 0:  coderay (1.1.0) from /home/framgia-user/.rvm/gems/ruby-2.0.0-p353/specifications/coderay-1.1.0.gemspec
I, [2014-01-17T12:29:28.698406 #2884]  INFO -- : 0:  coffee-script-source (1.6.3) from /home/framgia-user/.rvm/gems/ruby-2.0.0-p353/specifications/coffee-script-source-1.6.3.gemspec
I, [2014-01-17T12:29:28.698696 #2884]  INFO -- : 0:  execjs (2.0.2) from /home/framgia-user/.rvm/gems/ruby-2.0.0-p353/specifications/execjs-2.0.2.gemspec
I, [2014-01-17T12:29:28.698984 #2884]  INFO -- : 0:  coffee-script (2.2.0) from /home/framgia-user/.rvm/gems/ruby-2.0.0-p353/specifications/coffee-script-2.2.0.gemspec
I, [2014-01-17T12:29:28.699270 #2884]  INFO -- : 0:  thor (0.18.1) from /home/framgia-user/.rvm/gems/ruby-2.0.0-p353/specifications/thor-0.18.1.gemspec
I, [2014-01-17T12:29:28.699551 #2884]  INFO -- : 0:  railties (4.0.1) from /home/framgia-user/.rvm/gems/ruby-2.0.0-p353/specifications/railties-4.0.1.gemspec
I, [2014-01-17T12:29:28.699826 #2884]  INFO -- : 0:  coffee-rails (4.0.1) from /home/framgia-user/.rvm/gems/ruby-2.0.0-p353/specifications/coffee-rails-4.0.1.gemspec
I, [2014-01-17T12:29:28.700103 #2884]  INFO -- : 0:  columnize (0.3.6) from /home/framgia-user/.rvm/gems/ruby-2.0.0-p353/specifications/columnize-0.3.6.gemspec
I, [2014-01-17T12:29:28.700389 #2884]  INFO -- : 0:  debugger-linecache (1.2.0) from /home/framgia-user/.rvm/gems/ruby-2.0.0-p353/specifications/debugger-linecache-1.2.0.gemspec
I, [2014-01-17T12:29:28.700673 #2884]  INFO -- : 0:  debugger-ruby_core_source (1.3.1) from /home/framgia-user/.rvm/gems/ruby-2.0.0-p353/specifications/debugger-ruby_core_source-1.3.1.gemspec
I, [2014-01-17T12:29:28.700943 #2884]  INFO -- : 0:  debugger (1.6.5) from /home/framgia-user/.rvm/gems/ruby-2.0.0-p353/specifications/debugger-1.6.5.gemspec
I, [2014-01-17T12:29:28.701217 #2884]  INFO -- : 0:  hike (1.2.3) from /home/framgia-user/.rvm/gems/ruby-2.0.0-p353/specifications/hike-1.2.3.gemspec
I, [2014-01-17T12:29:28.701499 #2884]  INFO -- : 0:  tilt (1.4.1) from /home/framgia-user/.rvm/gems/ruby-2.0.0-p353/specifications/tilt-1.4.1.gemspec
I, [2014-01-17T12:29:28.701777 #2884]  INFO -- : 0:  sprockets (2.10.1) from /home/framgia-user/.rvm/gems/ruby-2.0.0-p353/specifications/sprockets-2.10.1.gemspec
I, [2014-01-17T12:29:28.702069 #2884]  INFO -- : 0:  sprockets-rails (2.0.1) from /home/framgia-user/.rvm/gems/ruby-2.0.0-p353/specifications/sprockets-rails-2.0.1.gemspec
I, [2014-01-17T12:29:28.702351 #2884]  INFO -- : 0:  sass-rails (4.0.1) from /home/framgia-user/.rvm/gems/ruby-2.0.0-p353/specifications/sass-rails-4.0.1.gemspec
I, [2014-01-17T12:29:28.702622 #2884]  INFO -- : 0:  font-awesome-sass (4.0.2) from /home/framgia-user/.rvm/gems/ruby-2.0.0-p353/specifications/font-awesome-sass-4.0.2.gemspec
I, [2014-01-17T12:29:28.702905 #2884]  INFO -- : 0:  jbuilder (1.5.3) from /home/framgia-user/.rvm/gems/ruby-2.0.0-p353/specifications/jbuilder-1.5.3.gemspec
I, [2014-01-17T12:29:28.703182 #2884]  INFO -- : 0:  jquery-rails (3.0.4) from /home/framgia-user/.rvm/gems/ruby-2.0.0-p353/specifications/jquery-rails-3.0.4.gemspec
I, [2014-01-17T12:29:28.703461 #2884]  INFO -- : 0:  json (1.8.1) from /home/framgia-user/.rvm/gems/ruby-2.0.0-p353/specifications/json-1.8.1.gemspec
I, [2014-01-17T12:29:28.703745 #2884]  INFO -- : 0:  method_source (0.8.2) from /home/framgia-user/.rvm/gems/ruby-2.0.0-p353/specifications/method_source-0.8.2.gemspec
I, [2014-01-17T12:29:28.704016 #2884]  INFO -- : 0:  mini_portile (0.5.2) from /home/framgia-user/.rvm/gems/ruby-2.0.0-p353/specifications/mini_portile-0.5.2.gemspec
I, [2014-01-17T12:29:28.704282 #2884]  INFO -- : 0:  mysql2 (0.3.14) from /home/framgia-user/.rvm/gems/ruby-2.0.0-p353/specifications/mysql2-0.3.14.gemspec
I, [2014-01-17T12:29:28.704565 #2884]  INFO -- : 0:  nokogiri (1.6.1) from /home/framgia-user/.rvm/gems/ruby-2.0.0-p353/specifications/nokogiri-1.6.1.gemspec
I, [2014-01-17T12:29:28.704868 #2884]  INFO -- : 0:  slop (3.4.7) from /home/framgia-user/.rvm/gems/ruby-2.0.0-p353/specifications/slop-3.4.7.gemspec
I, [2014-01-17T12:29:28.705142 #2884]  INFO -- : 0:  pry (0.9.12.4) from /home/framgia-user/.rvm/gems/ruby-2.0.0-p353/specifications/pry-0.9.12.4.gemspec
I, [2014-01-17T12:29:28.705423 #2884]  INFO -- : 0:  pry-debugger (0.2.2) from /home/framgia-user/.rvm/gems/ruby-2.0.0-p353/specifications/pry-debugger-0.2.2.gemspec
I, [2014-01-17T12:29:28.705681 #2884]  INFO -- : 0:  bundler (1.5.1) from /home/framgia-user/.rvm/gems/ruby-2.0.0-p353/specifications/bundler-1.5.1.gemspec
I, [2014-01-17T12:29:28.705990 #2884]  INFO -- : 0:  rails (4.0.1) from /home/framgia-user/.rvm/gems/ruby-2.0.0-p353/specifications/rails-4.0.1.gemspec
I, [2014-01-17T12:29:28.706286 #2884]  INFO -- : 0:  rdoc (4.1.1) from /home/framgia-user/.rvm/gems/ruby-2.0.0-p353/specifications/rdoc-4.1.1.gemspec
I, [2014-01-17T12:29:28.706567 #2884]  INFO -- : 0:  rubyzip (1.1.0) from /home/framgia-user/.rvm/gems/ruby-2.0.0-p353/specifications/rubyzip-1.1.0.gemspec
I, [2014-01-17T12:29:28.706843 #2884]  INFO -- : 0:  ruby-ole (1.2.11.7) from /home/framgia-user/.rvm/gems/ruby-2.0.0-p353/specifications/ruby-ole-1.2.11.7.gemspec
I, [2014-01-17T12:29:28.707121 #2884]  INFO -- : 0:  spreadsheet (0.9.6) from /home/framgia-user/.rvm/gems/ruby-2.0.0-p353/specifications/spreadsheet-0.9.6.gemspec
I, [2014-01-17T12:29:28.707388 #2884]  INFO -- : 0:  roo (1.13.2) from /home/framgia-user/.rvm/gems/ruby-2.0.0-p353/specifications/roo-1.13.2.gemspec
I, [2014-01-17T12:29:28.707663 #2884]  INFO -- : 0:  sdoc (0.4.0) from /home/framgia-user/.rvm/gems/ruby-2.0.0-p353/specifications/sdoc-0.4.0.gemspec
I, [2014-01-17T12:29:28.707955 #2884]  INFO -- : 0:  turbolinks (2.2.0) from /home/framgia-user/.rvm/gems/ruby-2.0.0-p353/specifications/turbolinks-2.2.0.gemspec
I, [2014-01-17T12:29:28.708239 #2884]  INFO -- : 0:  uglifier (2.4.0) from /home/framgia-user/.rvm/gems/ruby-2.0.0-p353/specifications/uglifier-2.4.0.gemspec
